[2017-01-23 11:43:53] local.ERROR: exception 'PDOException' with message 'SQLSTATE[HY000] [2002] No connection could be made because the target machine actively refused it.
' in C:\Users\Francis\AppData\Roaming\Composer\FinalCapstone\vendor\laravel\framework\src\Illuminate\Database\Connectors\Connector.php:47
Stack trace:
#0 C:\Users\Francis\AppData\Roaming\Composer\FinalCapstone\vendor\laravel\framework\src\Illuminate\Database\Connectors\Connector.php(47): PDO->__construct('mysql:host=loca...', 'root', '', Array)
#1 C:\Users\Francis\AppData\Roaming\Composer\FinalCapstone\vendor\laravel\framework\src\Illuminate\Database\Connectors\MySqlConnector.php(20): Illuminate\Database\Connectors\Connector->createConnection('mysql:host=loca...', Array, Array)
#2 C:\Users\Francis\AppData\Roaming\Composer\FinalCapstone\vendor\compiled.php(10673): Illuminate\Database\Connectors\MySqlConnector->connect(Array)
#3 C:\Users\Francis\AppData\Roaming\Composer\FinalCapstone\vendor\compiled.php(10669): Illuminate\Database\Connectors\ConnectionFactory->createSingleConnection(Array)
#4 C:\Users\Francis\AppData\Roaming\Composer\FinalCapstone\vendor\compiled.php(10587): Illuminate\Database\Connectors\ConnectionFactory->make(Array, 'mysql')
#5 C:\Users\Francis\AppData\Roaming\Composer\FinalCapstone\vendor\compiled.php(10542): Illuminate\Database\DatabaseManager->makeConnection('mysql')
#6 C:\Users\Francis\AppData\Roaming\Composer\FinalCapstone\vendor\compiled.php(10636): Illuminate\Database\DatabaseManager->connection()
#7 C:\Users\Francis\AppData\Roaming\Composer\FinalCapstone\vendor\compiled.php(5301): Illuminate\Database\DatabaseManager->__call('table', Array)
#8 C:\Users\Francis\AppData\Roaming\Composer\FinalCapstone\vendor\compiled.php(5301): Illuminate\Database\DatabaseManager->table('events')
#9 C:\Users\Francis\AppData\Roaming\Composer\FinalCapstone\app\Http\Controllers\EventController.php(19): Illuminate\Support\Facades\Facade::__callStatic('table', Array)
#10 C:\Users\Francis\AppData\Roaming\Composer\FinalCapstone\app\Http\Controllers\EventController.php(19): Illuminate\Support\Facades\DB::table('events')
#11 [internal function]: App\Http\Controllers\EventController->index()
#12 C:\Users\Francis\AppData\Roaming\Composer\FinalCapstone\vendor\compiled.php(8287): call_user_func_array(Array, Array)
#13 C:\Users\Francis\AppData\Roaming\Composer\FinalCapstone\vendor\compiled.php(8354): Illuminate\Routing\Controller->callAction('index', Array)
#14 C:\Users\Francis\AppData\Roaming\Composer\FinalCapstone\vendor\compiled.php(8333): Illuminate\Routing\ControllerDispatcher->call(Object(App\Http\Controllers\EventController), Object(Illuminate\Routing\Route), 'index')
#15 [internal function]: Illuminate\Routing\ControllerDispatcher->Illuminate\Routing\{closure}(Object(Illuminate\Http\Request))
#16 C:\Users\Francis\AppData\Roaming\Composer\FinalCapstone\vendor\compiled.php(8952): call_user_func(Object(Closure), Object(Illuminate\Http\Request))
#17 [internal function]: Illuminate\Pipeline\Pipeline->Illuminate\Pipeline\{closure}(Object(Illuminate\Http\Request))
#18 C:\Users\Francis\AppData\Roaming\Composer\FinalCapstone\vendor\compiled.php(8935): call_user_func(Object(Closure), Object(Illuminate\Http\Request))
#19 C:\Users\Francis\AppData\Roaming\Composer\FinalCapstone\vendor\compiled.php(8334): Illuminate\Pipeline\Pipeline->then(Object(Closure))
#20 C:\Users\Francis\AppData\Roaming\Composer\FinalCapstone\vendor\compiled.php(8320): Illuminate\Routing\ControllerDispatcher->callWithinStack(Object(App\Http\Controllers\EventController), Object(Illuminate\Routing\Route), Object(Illuminate\Http\Request), 'index')
#21 C:\Users\Francis\AppData\Roaming\Composer\FinalCapstone\vendor\compiled.php(7317): Illuminate\Routing\ControllerDispatcher->dispatch(Object(Illuminate\Routing\Route), Object(Illuminate\Http\Request), 'App\\Http\\Contro...', 'index')
#22 C:\Users\Francis\AppData\Roaming\Composer\FinalCapstone\vendor\compiled.php(7288): Illuminate\Routing\Route->runWithCustomDispatcher(Object(Illuminate\Http\Request))
#23 C:\Users\Francis\AppData\Roaming\Composer\FinalCapstone\vendor\compiled.php(6954): Illuminate\Routing\Route->run(Object(Illuminate\Http\Request))
#24 [internal function]: Illuminate\Routing\Router->Illuminate\Routing\{closure}(Object(Illuminate\Http\Request))
#25 C:\Users\Francis\AppData\Roaming\Composer\FinalCapstone\vendor\compiled.php(8952): call_user_func(Object(Closure), Object(Illuminate\Http\Request))
#26 [internal function]: Illuminate\Pipeline\Pipeline->Illuminate\Pipeline\{closure}(Object(Illuminate\Http\Request))
#27 C:\Users\Francis\AppData\Roaming\Composer\FinalCapstone\vendor\compiled.php(8935): call_user_func(Object(Closure), Object(Illuminate\Http\Request))
#28 C:\Users\Francis\AppData\Roaming\Composer\FinalCapstone\vendor\compiled.php(6955): Illuminate\Pipeline\Pipeline->then(Object(Closure))
#29 C:\Users\Francis\AppData\Roaming\Composer\FinalCapstone\vendor\compiled.php(6944): Illuminate\Routing\Router->runRouteWithinStack(Object(Illuminate\Routing\Route), Object(Illuminate\Http\Request))
#30 C:\Users\Francis\AppData\Roaming\Composer\FinalCapstone\vendor\compiled.php(6929): Illuminate\Routing\Router->dispatchToRoute(Object(Illuminate\Http\Request))
#31 C:\Users\Francis\AppData\Roaming\Composer\FinalCapstone\vendor\compiled.php(1935): Illuminate\Routing\Router->dispatch(Object(Illuminate\Http\Request))
#32 [internal function]: Illuminate\Foundation\Http\Kernel->Illuminate\Foundation\Http\{closure}(Object(Illuminate\Http\Request))
#33 C:\Users\Francis\AppData\Roaming\Composer\FinalCapstone\vendor\compiled.php(8952): call_user_func(Object(Closure), Object(Illuminate\Http\Request))
#34 C:\Users\Francis\AppData\Roaming\Composer\FinalCapstone\vendor\compiled.php(2438): Illuminate\Pipeline\Pipeline->Illuminate\Pipeline\{closure}(Object(Illuminate\Http\Request))
#35 C:\Users\Francis\AppData\Roaming\Composer\FinalCapstone\app\Http\Middleware\VerifyCsrfToken.php(17): Illuminate\Foundation\Http\Middleware\VerifyCsrfToken->handle(Object(Illuminate\Http\Request), Object(Closure))
#36 C:\Users\Francis\AppData\Roaming\Composer\FinalCapstone\vendor\compiled.php(8944): App\Http\Middleware\VerifyCsrfToken->handle(Object(Illuminate\Http\Request), Object(Closure))
#37 C:\Users\Francis\AppData\Roaming\Composer\FinalCapstone\vendor\compiled.php(12083): Illuminate\Pipeline\Pipeline->Illuminate\Pipeline\{closure}(Object(Illuminate\Http\Request))
#38 C:\Users\Francis\AppData\Roaming\Composer\FinalCapstone\vendor\compiled.php(8944): Illuminate\View\Middleware\ShareErrorsFromSession->handle(Object(Illuminate\Http\Request), Object(Closure))
#39 C:\Users\Francis\AppData\Roaming\Composer\FinalCapstone\vendor\compiled.php(10785): Illuminate\Pipeline\Pipeline->Illuminate\Pipeline\{closure}(Object(Illuminate\Http\Request))
#40 C:\Users\Francis\AppData\Roaming\Composer\FinalCapstone\vendor\compiled.php(8944): Illuminate\Session\Middleware\StartSession->handle(Object(Illuminate\Http\Request), Object(Closure))
#41 C:\Users\Francis\AppData\Roaming\Composer\FinalCapstone\vendor\compiled.php(11789): Illuminate\Pipeline\Pipeline->Illuminate\Pipeline\{closure}(Object(Illuminate\Http\Request))
#42 C:\Users\Francis\AppData\Roaming\Composer\FinalCapstone\vendor\compiled.php(8944): Illuminate\Cookie\Middleware\AddQueuedCookiesToResponse->handle(Object(Illuminate\Http\Request), Object(Closure))
#43 C:\Users\Francis\AppData\Roaming\Composer\FinalCapstone\vendor\compiled.php(11738): Illuminate\Pipeline\Pipeline->Illuminate\Pipeline\{closure}(Object(Illuminate\Http\Request))
#44 C:\Users\Francis\AppData\Roaming\Composer\FinalCapstone\vendor\compiled.php(8944): Illuminate\Cookie\Middleware\EncryptCookies->handle(Object(Illuminate\Http\Request), Object(Closure))
#45 C:\Users\Francis\AppData\Roaming\Composer\FinalCapstone\vendor\compiled.php(2478): Illuminate\Pipeline\Pipeline->Illuminate\Pipeline\{closure}(Object(Illuminate\Http\Request))
#46 C:\Users\Francis\AppData\Roaming\Composer\FinalCapstone\vendor\compiled.php(8944): Illuminate\Foundation\Http\Middleware\CheckForMaintenanceMode->handle(Object(Illuminate\Http\Request), Object(Closure))
#47 [internal function]: Illuminate\Pipeline\Pipeline->Illuminate\Pipeline\{closure}(Object(Illuminate\Http\Request))
#48 C:\Users\Francis\AppData\Roaming\Composer\FinalCapstone\vendor\compiled.php(8935): call_user_func(Object(Closure), Object(Illuminate\Http\Request))
#49 C:\Users\Francis\AppData\Roaming\Composer\FinalCapstone\vendor\compiled.php(1891): Illuminate\Pipeline\Pipeline->then(Object(Closure))
#50 C:\Users\Francis\AppData\Roaming\Composer\FinalCapstone\vendor\compiled.php(1880): Illuminate\Foundation\Http\Kernel->sendRequestThroughRouter(Object(Illuminate\Http\Request))
#51 C:\Users\Francis\AppData\Roaming\Composer\FinalCapstone\public\index.php(53): Illuminate\Foundation\Http\Kernel->handle(Object(Illuminate\Http\Request))
#52 {main}  
