[2017-02-14 16:39:34] local.ERROR: exception 'PDOException' with message 'SQLSTATE[HY000] [2002] No connection could be made because the target machine actively refused it.
' in C:\Users\Francis\Roaming\FinalCapstone\vendor\laravel\framework\src\Illuminate\Database\Connectors\Connector.php:47
Stack trace:
#0 C:\Users\Francis\Roaming\FinalCapstone\vendor\laravel\framework\src\Illuminate\Database\Connectors\Connector.php(47): PDO->__construct('mysql:host=loca...', 'root', '', Array)
#1 C:\Users\Francis\Roaming\FinalCapstone\vendor\laravel\framework\src\Illuminate\Database\Connectors\MySqlConnector.php(20): Illuminate\Database\Connectors\Connector->createConnection('mysql:host=loca...', Array, Array)
#2 C:\Users\Francis\Roaming\FinalCapstone\vendor\compiled.php(10673): Illuminate\Database\Connectors\MySqlConnector->connect(Array)
#3 C:\Users\Francis\Roaming\FinalCapstone\vendor\compiled.php(10669): Illuminate\Database\Connectors\ConnectionFactory->createSingleConnection(Array)
#4 C:\Users\Francis\Roaming\FinalCapstone\vendor\compiled.php(10587): Illuminate\Database\Connectors\ConnectionFactory->make(Array, 'mysql')
#5 C:\Users\Francis\Roaming\FinalCapstone\vendor\compiled.php(10542): Illuminate\Database\DatabaseManager->makeConnection('mysql')
#6 C:\Users\Francis\Roaming\FinalCapstone\vendor\compiled.php(10636): Illuminate\Database\DatabaseManager->connection()
#7 C:\Users\Francis\Roaming\FinalCapstone\vendor\compiled.php(5301): Illuminate\Database\DatabaseManager->__call('table', Array)
#8 C:\Users\Francis\Roaming\FinalCapstone\vendor\compiled.php(5301): Illuminate\Database\DatabaseManager->table('events')
#9 C:\Users\Francis\Roaming\FinalCapstone\app\Http\Controllers\EventController.php(19): Illuminate\Support\Facades\Facade::__callStatic('table', Array)
#10 C:\Users\Francis\Roaming\FinalCapstone\app\Http\Controllers\EventController.php(19): Illuminate\Support\Facades\DB::table('events')
#11 [internal function]: App\Http\Controllers\EventController->index()
#12 C:\Users\Francis\Roaming\FinalCapstone\vendor\compiled.php(8287): call_user_func_array(Array, Array)
#13 C:\Users\Francis\Roaming\FinalCapstone\vendor\compiled.php(8354): Illuminate\Routing\Controller->callAction('index', Array)
#14 C:\Users\Francis\Roaming\FinalCapstone\vendor\compiled.php(8333): Illuminate\Routing\ControllerDispatcher->call(Object(App\Http\Controllers\EventController), Object(Illuminate\Routing\Route), 'index')
#15 [internal function]: Illuminate\Routing\ControllerDispatcher->Illuminate\Routing\{closure}(Object(Illuminate\Http\Request))
#16 C:\Users\Francis\Roaming\FinalCapstone\vendor\compiled.php(8952): call_user_func(Object(Closure), Object(Illuminate\Http\Request))
#17 [internal function]: Illuminate\Pipeline\Pipeline->Illuminate\Pipeline\{closure}(Object(Illuminate\Http\Request))
#18 C:\Users\Francis\Roaming\FinalCapstone\vendor\compiled.php(8935): call_user_func(Object(Closure), Object(Illuminate\Http\Request))
#19 C:\Users\Francis\Roaming\FinalCapstone\vendor\compiled.php(8334): Illuminate\Pipeline\Pipeline->then(Object(Closure))
#20 C:\Users\Francis\Roaming\FinalCapstone\vendor\compiled.php(8320): Illuminate\Routing\ControllerDispatcher->callWithinStack(Object(App\Http\Controllers\EventController), Object(Illuminate\Routing\Route), Object(Illuminate\Http\Request), 'index')
#21 C:\Users\Francis\Roaming\FinalCapstone\vendor\compiled.php(7317): Illuminate\Routing\ControllerDispatcher->dispatch(Object(Illuminate\Routing\Route), Object(Illuminate\Http\Request), 'App\\Http\\Contro...', 'index')
#22 C:\Users\Francis\Roaming\FinalCapstone\vendor\compiled.php(7288): Illuminate\Routing\Route->runWithCustomDispatcher(Object(Illuminate\Http\Request))
#23 C:\Users\Francis\Roaming\FinalCapstone\vendor\compiled.php(6954): Illuminate\Routing\Route->run(Object(Illuminate\Http\Request))
#24 [internal function]: Illuminate\Routing\Router->Illuminate\Routing\{closure}(Object(Illuminate\Http\Request))
#25 C:\Users\Francis\Roaming\FinalCapstone\vendor\compiled.php(8952): call_user_func(Object(Closure), Object(Illuminate\Http\Request))
#26 [internal function]: Illuminate\Pipeline\Pipeline->Illuminate\Pipeline\{closure}(Object(Illuminate\Http\Request))
#27 C:\Users\Francis\Roaming\FinalCapstone\vendor\compiled.php(8935): call_user_func(Object(Closure), Object(Illuminate\Http\Request))
#28 C:\Users\Francis\Roaming\FinalCapstone\vendor\compiled.php(6955): Illuminate\Pipeline\Pipeline->then(Object(Closure))
#29 C:\Users\Francis\Roaming\FinalCapstone\vendor\compiled.php(6944): Illuminate\Routing\Router->runRouteWithinStack(Object(Illuminate\Routing\Route), Object(Illuminate\Http\Request))
#30 C:\Users\Francis\Roaming\FinalCapstone\vendor\compiled.php(6929): Illuminate\Routing\Router->dispatchToRoute(Object(Illuminate\Http\Request))
#31 C:\Users\Francis\Roaming\FinalCapstone\vendor\compiled.php(1935): Illuminate\Routing\Router->dispatch(Object(Illuminate\Http\Request))
#32 [internal function]: Illuminate\Foundation\Http\Kernel->Illuminate\Foundation\Http\{closure}(Object(Illuminate\Http\Request))
#33 C:\Users\Francis\Roaming\FinalCapstone\vendor\compiled.php(8952): call_user_func(Object(Closure), Object(Illuminate\Http\Request))
#34 C:\Users\Francis\Roaming\FinalCapstone\vendor\compiled.php(2438): Illuminate\Pipeline\Pipeline->Illuminate\Pipeline\{closure}(Object(Illuminate\Http\Request))
#35 C:\Users\Francis\Roaming\FinalCapstone\app\Http\Middleware\VerifyCsrfToken.php(17): Illuminate\Foundation\Http\Middleware\VerifyCsrfToken->handle(Object(Illuminate\Http\Request), Object(Closure))
#36 C:\Users\Francis\Roaming\FinalCapstone\vendor\compiled.php(8944): App\Http\Middleware\VerifyCsrfToken->handle(Object(Illuminate\Http\Request), Object(Closure))
#37 C:\Users\Francis\Roaming\FinalCapstone\vendor\compiled.php(12083): Illuminate\Pipeline\Pipeline->Illuminate\Pipeline\{closure}(Object(Illuminate\Http\Request))
#38 C:\Users\Francis\Roaming\FinalCapstone\vendor\compiled.php(8944): Illuminate\View\Middleware\ShareErrorsFromSession->handle(Object(Illuminate\Http\Request), Object(Closure))
#39 C:\Users\Francis\Roaming\FinalCapstone\vendor\compiled.php(10785): Illuminate\Pipeline\Pipeline->Illuminate\Pipeline\{closure}(Object(Illuminate\Http\Request))
#40 C:\Users\Francis\Roaming\FinalCapstone\vendor\compiled.php(8944): Illuminate\Session\Middleware\StartSession->handle(Object(Illuminate\Http\Request), Object(Closure))
#41 C:\Users\Francis\Roaming\FinalCapstone\vendor\compiled.php(11789): Illuminate\Pipeline\Pipeline->Illuminate\Pipeline\{closure}(Object(Illuminate\Http\Request))
#42 C:\Users\Francis\Roaming\FinalCapstone\vendor\compiled.php(8944): Illuminate\Cookie\Middleware\AddQueuedCookiesToResponse->handle(Object(Illuminate\Http\Request), Object(Closure))
#43 C:\Users\Francis\Roaming\FinalCapstone\vendor\compiled.php(11738): Illuminate\Pipeline\Pipeline->Illuminate\Pipeline\{closure}(Object(Illuminate\Http\Request))
#44 C:\Users\Francis\Roaming\FinalCapstone\vendor\compiled.php(8944): Illuminate\Cookie\Middleware\EncryptCookies->handle(Object(Illuminate\Http\Request), Object(Closure))
#45 C:\Users\Francis\Roaming\FinalCapstone\vendor\compiled.php(2478): Illuminate\Pipeline\Pipeline->Illuminate\Pipeline\{closure}(Object(Illuminate\Http\Request))
#46 C:\Users\Francis\Roaming\FinalCapstone\vendor\compiled.php(8944): Illuminate\Foundation\Http\Middleware\CheckForMaintenanceMode->handle(Object(Illuminate\Http\Request), Object(Closure))
#47 [internal function]: Illuminate\Pipeline\Pipeline->Illuminate\Pipeline\{closure}(Object(Illuminate\Http\Request))
#48 C:\Users\Francis\Roaming\FinalCapstone\vendor\compiled.php(8935): call_user_func(Object(Closure), Object(Illuminate\Http\Request))
#49 C:\Users\Francis\Roaming\FinalCapstone\vendor\compiled.php(1891): Illuminate\Pipeline\Pipeline->then(Object(Closure))
#50 C:\Users\Francis\Roaming\FinalCapstone\vendor\compiled.php(1880): Illuminate\Foundation\Http\Kernel->sendRequestThroughRouter(Object(Illuminate\Http\Request))
#51 C:\Users\Francis\Roaming\FinalCapstone\public\index.php(53): Illuminate\Foundation\Http\Kernel->handle(Object(Illuminate\Http\Request))
#52 {main}  
[2017-02-14 16:40:41] local.ERROR: exception 'PDOException' with message 'SQLSTATE[HY000] [2002] No connection could be made because the target machine actively refused it.
' in C:\Users\Francis\Roaming\FinalCapstone\vendor\laravel\framework\src\Illuminate\Database\Connectors\Connector.php:47
Stack trace:
#0 C:\Users\Francis\Roaming\FinalCapstone\vendor\laravel\framework\src\Illuminate\Database\Connectors\Connector.php(47): PDO->__construct('mysql:host=loca...', 'root', '', Array)
#1 C:\Users\Francis\Roaming\FinalCapstone\vendor\laravel\framework\src\Illuminate\Database\Connectors\MySqlConnector.php(20): Illuminate\Database\Connectors\Connector->createConnection('mysql:host=loca...', Array, Array)
#2 C:\Users\Francis\Roaming\FinalCapstone\vendor\compiled.php(10673): Illuminate\Database\Connectors\MySqlConnector->connect(Array)
#3 C:\Users\Francis\Roaming\FinalCapstone\vendor\compiled.php(10669): Illuminate\Database\Connectors\ConnectionFactory->createSingleConnection(Array)
#4 C:\Users\Francis\Roaming\FinalCapstone\vendor\compiled.php(10587): Illuminate\Database\Connectors\ConnectionFactory->make(Array, 'mysql')
#5 C:\Users\Francis\Roaming\FinalCapstone\vendor\compiled.php(10542): Illuminate\Database\DatabaseManager->makeConnection('mysql')
#6 C:\Users\Francis\Roaming\FinalCapstone\vendor\compiled.php(10636): Illuminate\Database\DatabaseManager->connection()
#7 C:\Users\Francis\Roaming\FinalCapstone\vendor\compiled.php(5301): Illuminate\Database\DatabaseManager->__call('table', Array)
#8 C:\Users\Francis\Roaming\FinalCapstone\vendor\compiled.php(5301): Illuminate\Database\DatabaseManager->table('events')
#9 C:\Users\Francis\Roaming\FinalCapstone\app\Http\Controllers\EventController.php(19): Illuminate\Support\Facades\Facade::__callStatic('table', Array)
#10 C:\Users\Francis\Roaming\FinalCapstone\app\Http\Controllers\EventController.php(19): Illuminate\Support\Facades\DB::table('events')
#11 [internal function]: App\Http\Controllers\EventController->index()
#12 C:\Users\Francis\Roaming\FinalCapstone\vendor\compiled.php(8287): call_user_func_array(Array, Array)
#13 C:\Users\Francis\Roaming\FinalCapstone\vendor\compiled.php(8354): Illuminate\Routing\Controller->callAction('index', Array)
#14 C:\Users\Francis\Roaming\FinalCapstone\vendor\compiled.php(8333): Illuminate\Routing\ControllerDispatcher->call(Object(App\Http\Controllers\EventController), Object(Illuminate\Routing\Route), 'index')
#15 [internal function]: Illuminate\Routing\ControllerDispatcher->Illuminate\Routing\{closure}(Object(Illuminate\Http\Request))
#16 C:\Users\Francis\Roaming\FinalCapstone\vendor\compiled.php(8952): call_user_func(Object(Closure), Object(Illuminate\Http\Request))
#17 [internal function]: Illuminate\Pipeline\Pipeline->Illuminate\Pipeline\{closure}(Object(Illuminate\Http\Request))
#18 C:\Users\Francis\Roaming\FinalCapstone\vendor\compiled.php(8935): call_user_func(Object(Closure), Object(Illuminate\Http\Request))
#19 C:\Users\Francis\Roaming\FinalCapstone\vendor\compiled.php(8334): Illuminate\Pipeline\Pipeline->then(Object(Closure))
#20 C:\Users\Francis\Roaming\FinalCapstone\vendor\compiled.php(8320): Illuminate\Routing\ControllerDispatcher->callWithinStack(Object(App\Http\Controllers\EventController), Object(Illuminate\Routing\Route), Object(Illuminate\Http\Request), 'index')
#21 C:\Users\Francis\Roaming\FinalCapstone\vendor\compiled.php(7317): Illuminate\Routing\ControllerDispatcher->dispatch(Object(Illuminate\Routing\Route), Object(Illuminate\Http\Request), 'App\\Http\\Contro...', 'index')
#22 C:\Users\Francis\Roaming\FinalCapstone\vendor\compiled.php(7288): Illuminate\Routing\Route->runWithCustomDispatcher(Object(Illuminate\Http\Request))
#23 C:\Users\Francis\Roaming\FinalCapstone\vendor\compiled.php(6954): Illuminate\Routing\Route->run(Object(Illuminate\Http\Request))
#24 [internal function]: Illuminate\Routing\Router->Illuminate\Routing\{closure}(Object(Illuminate\Http\Request))
#25 C:\Users\Francis\Roaming\FinalCapstone\vendor\compiled.php(8952): call_user_func(Object(Closure), Object(Illuminate\Http\Request))
#26 [internal function]: Illuminate\Pipeline\Pipeline->Illuminate\Pipeline\{closure}(Object(Illuminate\Http\Request))
#27 C:\Users\Francis\Roaming\FinalCapstone\vendor\compiled.php(8935): call_user_func(Object(Closure), Object(Illuminate\Http\Request))
#28 C:\Users\Francis\Roaming\FinalCapstone\vendor\compiled.php(6955): Illuminate\Pipeline\Pipeline->then(Object(Closure))
#29 C:\Users\Francis\Roaming\FinalCapstone\vendor\compiled.php(6944): Illuminate\Routing\Router->runRouteWithinStack(Object(Illuminate\Routing\Route), Object(Illuminate\Http\Request))
#30 C:\Users\Francis\Roaming\FinalCapstone\vendor\compiled.php(6929): Illuminate\Routing\Router->dispatchToRoute(Object(Illuminate\Http\Request))
#31 C:\Users\Francis\Roaming\FinalCapstone\vendor\compiled.php(1935): Illuminate\Routing\Router->dispatch(Object(Illuminate\Http\Request))
#32 [internal function]: Illuminate\Foundation\Http\Kernel->Illuminate\Foundation\Http\{closure}(Object(Illuminate\Http\Request))
#33 C:\Users\Francis\Roaming\FinalCapstone\vendor\compiled.php(8952): call_user_func(Object(Closure), Object(Illuminate\Http\Request))
#34 C:\Users\Francis\Roaming\FinalCapstone\vendor\compiled.php(2438): Illuminate\Pipeline\Pipeline->Illuminate\Pipeline\{closure}(Object(Illuminate\Http\Request))
#35 C:\Users\Francis\Roaming\FinalCapstone\app\Http\Middleware\VerifyCsrfToken.php(17): Illuminate\Foundation\Http\Middleware\VerifyCsrfToken->handle(Object(Illuminate\Http\Request), Object(Closure))
#36 C:\Users\Francis\Roaming\FinalCapstone\vendor\compiled.php(8944): App\Http\Middleware\VerifyCsrfToken->handle(Object(Illuminate\Http\Request), Object(Closure))
#37 C:\Users\Francis\Roaming\FinalCapstone\vendor\compiled.php(12083): Illuminate\Pipeline\Pipeline->Illuminate\Pipeline\{closure}(Object(Illuminate\Http\Request))
#38 C:\Users\Francis\Roaming\FinalCapstone\vendor\compiled.php(8944): Illuminate\View\Middleware\ShareErrorsFromSession->handle(Object(Illuminate\Http\Request), Object(Closure))
#39 C:\Users\Francis\Roaming\FinalCapstone\vendor\compiled.php(10785): Illuminate\Pipeline\Pipeline->Illuminate\Pipeline\{closure}(Object(Illuminate\Http\Request))
#40 C:\Users\Francis\Roaming\FinalCapstone\vendor\compiled.php(8944): Illuminate\Session\Middleware\StartSession->handle(Object(Illuminate\Http\Request), Object(Closure))
#41 C:\Users\Francis\Roaming\FinalCapstone\vendor\compiled.php(11789): Illuminate\Pipeline\Pipeline->Illuminate\Pipeline\{closure}(Object(Illuminate\Http\Request))
#42 C:\Users\Francis\Roaming\FinalCapstone\vendor\compiled.php(8944): Illuminate\Cookie\Middleware\AddQueuedCookiesToResponse->handle(Object(Illuminate\Http\Request), Object(Closure))
#43 C:\Users\Francis\Roaming\FinalCapstone\vendor\compiled.php(11738): Illuminate\Pipeline\Pipeline->Illuminate\Pipeline\{closure}(Object(Illuminate\Http\Request))
#44 C:\Users\Francis\Roaming\FinalCapstone\vendor\compiled.php(8944): Illuminate\Cookie\Middleware\EncryptCookies->handle(Object(Illuminate\Http\Request), Object(Closure))
#45 C:\Users\Francis\Roaming\FinalCapstone\vendor\compiled.php(2478): Illuminate\Pipeline\Pipeline->Illuminate\Pipeline\{closure}(Object(Illuminate\Http\Request))
#46 C:\Users\Francis\Roaming\FinalCapstone\vendor\compiled.php(8944): Illuminate\Foundation\Http\Middleware\CheckForMaintenanceMode->handle(Object(Illuminate\Http\Request), Object(Closure))
#47 [internal function]: Illuminate\Pipeline\Pipeline->Illuminate\Pipeline\{closure}(Object(Illuminate\Http\Request))
#48 C:\Users\Francis\Roaming\FinalCapstone\vendor\compiled.php(8935): call_user_func(Object(Closure), Object(Illuminate\Http\Request))
#49 C:\Users\Francis\Roaming\FinalCapstone\vendor\compiled.php(1891): Illuminate\Pipeline\Pipeline->then(Object(Closure))
#50 C:\Users\Francis\Roaming\FinalCapstone\vendor\compiled.php(1880): Illuminate\Foundation\Http\Kernel->sendRequestThroughRouter(Object(Illuminate\Http\Request))
#51 C:\Users\Francis\Roaming\FinalCapstone\public\index.php(53): Illuminate\Foundation\Http\Kernel->handle(Object(Illuminate\Http\Request))
#52 {main}  
[2017-02-14 18:58:03] local.ERROR: exception 'PDOException' with message 'SQLSTATE[42S02]: Base table or view not found: 1146 Table 'laravel_5.event_folder' doesn't exist' in C:\Users\Francis\Roaming\FinalCapstone\vendor\laravel\framework\src\Illuminate\Database\Connection.php:288
Stack trace:
#0 C:\Users\Francis\Roaming\FinalCapstone\vendor\laravel\framework\src\Illuminate\Database\Connection.php(288): PDO->prepare('select * from `...')
#1 C:\Users\Francis\Roaming\FinalCapstone\vendor\laravel\framework\src\Illuminate\Database\Connection.php(612): Illuminate\Database\Connection->Illuminate\Database\{closure}(Object(Illuminate\Database\MySqlConnection), 'select * from `...', Array)
#2 C:\Users\Francis\Roaming\FinalCapstone\vendor\laravel\framework\src\Illuminate\Database\Connection.php(576): Illuminate\Database\Connection->runQueryCallback('select * from `...', Array, Object(Closure))
#3 C:\Users\Francis\Roaming\FinalCapstone\vendor\laravel\framework\src\Illuminate\Database\Connection.php(293): Illuminate\Database\Connection->run('select * from `...', Array, Object(Closure))
#4 C:\Users\Francis\Roaming\FinalCapstone\vendor\laravel\framework\src\Illuminate\Database\Query\Builder.php(1377): Illuminate\Database\Connection->select('select * from `...', Array, true)
#5 C:\Users\Francis\Roaming\FinalCapstone\vendor\laravel\framework\src\Illuminate\Database\Query\Builder.php(1367): Illuminate\Database\Query\Builder->runSelect()
#6 C:\Users\Francis\Roaming\FinalCapstone\vendor\laravel\framework\src\Illuminate\Database\Query\Builder.php(1354): Illuminate\Database\Query\Builder->getFresh(Array)
#7 C:\Users\Francis\Roaming\FinalCapstone\app\Http\Controllers\EventController.php(19): Illuminate\Database\Query\Builder->get()
#8 [internal function]: App\Http\Controllers\EventController->index()
#9 C:\Users\Francis\Roaming\FinalCapstone\vendor\compiled.php(8287): call_user_func_array(Array, Array)
#10 C:\Users\Francis\Roaming\FinalCapstone\vendor\compiled.php(8354): Illuminate\Routing\Controller->callAction('index', Array)
#11 C:\Users\Francis\Roaming\FinalCapstone\vendor\compiled.php(8333): Illuminate\Routing\ControllerDispatcher->call(Object(App\Http\Controllers\EventController), Object(Illuminate\Routing\Route), 'index')
#12 [internal function]: Illuminate\Routing\ControllerDispatcher->Illuminate\Routing\{closure}(Object(Illuminate\Http\Request))
#13 C:\Users\Francis\Roaming\FinalCapstone\vendor\compiled.php(8952): call_user_func(Object(Closure), Object(Illuminate\Http\Request))
#14 [internal function]: Illuminate\Pipeline\Pipeline->Illuminate\Pipeline\{closure}(Object(Illuminate\Http\Request))
#15 C:\Users\Francis\Roaming\FinalCapstone\vendor\compiled.php(8935): call_user_func(Object(Closure), Object(Illuminate\Http\Request))
#16 C:\Users\Francis\Roaming\FinalCapstone\vendor\compiled.php(8334): Illuminate\Pipeline\Pipeline->then(Object(Closure))
#17 C:\Users\Francis\Roaming\FinalCapstone\vendor\compiled.php(8320): Illuminate\Routing\ControllerDispatcher->callWithinStack(Object(App\Http\Controllers\EventController), Object(Illuminate\Routing\Route), Object(Illuminate\Http\Request), 'index')
#18 C:\Users\Francis\Roaming\FinalCapstone\vendor\compiled.php(7317): Illuminate\Routing\ControllerDispatcher->dispatch(Object(Illuminate\Routing\Route), Object(Illuminate\Http\Request), 'App\\Http\\Contro...', 'index')
#19 C:\Users\Francis\Roaming\FinalCapstone\vendor\compiled.php(7288): Illuminate\Routing\Route->runWithCustomDispatcher(Object(Illuminate\Http\Request))
#20 C:\Users\Francis\Roaming\FinalCapstone\vendor\compiled.php(6954): Illuminate\Routing\Route->run(Object(Illuminate\Http\Request))
#21 [internal function]: Illuminate\Routing\Router->Illuminate\Routing\{closure}(Object(Illuminate\Http\Request))
#22 C:\Users\Francis\Roaming\FinalCapstone\vendor\compiled.php(8952): call_user_func(Object(Closure), Object(Illuminate\Http\Request))
#23 [internal function]: Illuminate\Pipeline\Pipeline->Illuminate\Pipeline\{closure}(Object(Illuminate\Http\Request))
#24 C:\Users\Francis\Roaming\FinalCapstone\vendor\compiled.php(8935): call_user_func(Object(Closure), Object(Illuminate\Http\Request))
#25 C:\Users\Francis\Roaming\FinalCapstone\vendor\compiled.php(6955): Illuminate\Pipeline\Pipeline->then(Object(Closure))
#26 C:\Users\Francis\Roaming\FinalCapstone\vendor\compiled.php(6944): Illuminate\Routing\Router->runRouteWithinStack(Object(Illuminate\Routing\Route), Object(Illuminate\Http\Request))
#27 C:\Users\Francis\Roaming\FinalCapstone\vendor\compiled.php(6929): Illuminate\Routing\Router->dispatchToRoute(Object(Illuminate\Http\Request))
#28 C:\Users\Francis\Roaming\FinalCapstone\vendor\compiled.php(1935): Illuminate\Routing\Router->dispatch(Object(Illuminate\Http\Request))
#29 [internal function]: Illuminate\Foundation\Http\Kernel->Illuminate\Foundation\Http\{closure}(Object(Illuminate\Http\Request))
#30 C:\Users\Francis\Roaming\FinalCapstone\vendor\compiled.php(8952): call_user_func(Object(Closure), Object(Illuminate\Http\Request))
#31 C:\Users\Francis\Roaming\FinalCapstone\vendor\compiled.php(2438): Illuminate\Pipeline\Pipeline->Illuminate\Pipeline\{closure}(Object(Illuminate\Http\Request))
#32 C:\Users\Francis\Roaming\FinalCapstone\app\Http\Middleware\VerifyCsrfToken.php(17): Illuminate\Foundation\Http\Middleware\VerifyCsrfToken->handle(Object(Illuminate\Http\Request), Object(Closure))
#33 C:\Users\Francis\Roaming\FinalCapstone\vendor\compiled.php(8944): App\Http\Middleware\VerifyCsrfToken->handle(Object(Illuminate\Http\Request), Object(Closure))
#34 C:\Users\Francis\Roaming\FinalCapstone\vendor\compiled.php(12083): Illuminate\Pipeline\Pipeline->Illuminate\Pipeline\{closure}(Object(Illuminate\Http\Request))
#35 C:\Users\Francis\Roaming\FinalCapstone\vendor\compiled.php(8944): Illuminate\View\Middleware\ShareErrorsFromSession->handle(Object(Illuminate\Http\Request), Object(Closure))
#36 C:\Users\Francis\Roaming\FinalCapstone\vendor\compiled.php(10785): Illuminate\Pipeline\Pipeline->Illuminate\Pipeline\{closure}(Object(Illuminate\Http\Request))
#37 C:\Users\Francis\Roaming\FinalCapstone\vendor\compiled.php(8944): Illuminate\Session\Middleware\StartSession->handle(Object(Illuminate\Http\Request), Object(Closure))
#38 C:\Users\Francis\Roaming\FinalCapstone\vendor\compiled.php(11789): Illuminate\Pipeline\Pipeline->Illuminate\Pipeline\{closure}(Object(Illuminate\Http\Request))
#39 C:\Users\Francis\Roaming\FinalCapstone\vendor\compiled.php(8944): Illuminate\Cookie\Middleware\AddQueuedCookiesToResponse->handle(Object(Illuminate\Http\Request), Object(Closure))
#40 C:\Users\Francis\Roaming\FinalCapstone\vendor\compiled.php(11738): Illuminate\Pipeline\Pipeline->Illuminate\Pipeline\{closure}(Object(Illuminate\Http\Request))
#41 C:\Users\Francis\Roaming\FinalCapstone\vendor\compiled.php(8944): Illuminate\Cookie\Middleware\EncryptCookies->handle(Object(Illuminate\Http\Request), Object(Closure))
#42 C:\Users\Francis\Roaming\FinalCapstone\vendor\compiled.php(2478): Illuminate\Pipeline\Pipeline->Illuminate\Pipeline\{closure}(Object(Illuminate\Http\Request))
#43 C:\Users\Francis\Roaming\FinalCapstone\vendor\compiled.php(8944): Illuminate\Foundation\Http\Middleware\CheckForMaintenanceMode->handle(Object(Illuminate\Http\Request), Object(Closure))
#44 [internal function]: Illuminate\Pipeline\Pipeline->Illuminate\Pipeline\{closure}(Object(Illuminate\Http\Request))
#45 C:\Users\Francis\Roaming\FinalCapstone\vendor\compiled.php(8935): call_user_func(Object(Closure), Object(Illuminate\Http\Request))
#46 C:\Users\Francis\Roaming\FinalCapstone\vendor\compiled.php(1891): Illuminate\Pipeline\Pipeline->then(Object(Closure))
#47 C:\Users\Francis\Roaming\FinalCapstone\vendor\compiled.php(1880): Illuminate\Foundation\Http\Kernel->sendRequestThroughRouter(Object(Illuminate\Http\Request))
#48 C:\Users\Francis\Roaming\FinalCapstone\public\index.php(53): Illuminate\Foundation\Http\Kernel->handle(Object(Illuminate\Http\Request))
#49 {main}

Next exception 'Illuminate\Database\QueryException' with message 'SQLSTATE[42S02]: Base table or view not found: 1146 Table 'laravel_5.event_folder' doesn't exist (SQL: select * from `event_folder`)' in C:\Users\Francis\Roaming\FinalCapstone\vendor\laravel\framework\src\Illuminate\Database\Connection.php:620
Stack trace:
#0 C:\Users\Francis\Roaming\FinalCapstone\vendor\laravel\framework\src\Illuminate\Database\Connection.php(576): Illuminate\Database\Connection->runQueryCallback('select * from `...', Array, Object(Closure))
#1 C:\Users\Francis\Roaming\FinalCapstone\vendor\laravel\framework\src\Illuminate\Database\Connection.php(293): Illuminate\Database\Connection->run('select * from `...', Array, Object(Closure))
#2 C:\Users\Francis\Roaming\FinalCapstone\vendor\laravel\framework\src\Illuminate\Database\Query\Builder.php(1377): Illuminate\Database\Connection->select('select * from `...', Array, true)
#3 C:\Users\Francis\Roaming\FinalCapstone\vendor\laravel\framework\src\Illuminate\Database\Query\Builder.php(1367): Illuminate\Database\Query\Builder->runSelect()
#4 C:\Users\Francis\Roaming\FinalCapstone\vendor\laravel\framework\src\Illuminate\Database\Query\Builder.php(1354): Illuminate\Database\Query\Builder->getFresh(Array)
#5 C:\Users\Francis\Roaming\FinalCapstone\app\Http\Controllers\EventController.php(19): Illuminate\Database\Query\Builder->get()
#6 [internal function]: App\Http\Controllers\EventController->index()
#7 C:\Users\Francis\Roaming\FinalCapstone\vendor\compiled.php(8287): call_user_func_array(Array, Array)
#8 C:\Users\Francis\Roaming\FinalCapstone\vendor\compiled.php(8354): Illuminate\Routing\Controller->callAction('index', Array)
#9 C:\Users\Francis\Roaming\FinalCapstone\vendor\compiled.php(8333): Illuminate\Routing\ControllerDispatcher->call(Object(App\Http\Controllers\EventController), Object(Illuminate\Routing\Route), 'index')
#10 [internal function]: Illuminate\Routing\ControllerDispatcher->Illuminate\Routing\{closure}(Object(Illuminate\Http\Request))
#11 C:\Users\Francis\Roaming\FinalCapstone\vendor\compiled.php(8952): call_user_func(Object(Closure), Object(Illuminate\Http\Request))
#12 [internal function]: Illuminate\Pipeline\Pipeline->Illuminate\Pipeline\{closure}(Object(Illuminate\Http\Request))
#13 C:\Users\Francis\Roaming\FinalCapstone\vendor\compiled.php(8935): call_user_func(Object(Closure), Object(Illuminate\Http\Request))
#14 C:\Users\Francis\Roaming\FinalCapstone\vendor\compiled.php(8334): Illuminate\Pipeline\Pipeline->then(Object(Closure))
#15 C:\Users\Francis\Roaming\FinalCapstone\vendor\compiled.php(8320): Illuminate\Routing\ControllerDispatcher->callWithinStack(Object(App\Http\Controllers\EventController), Object(Illuminate\Routing\Route), Object(Illuminate\Http\Request), 'index')
#16 C:\Users\Francis\Roaming\FinalCapstone\vendor\compiled.php(7317): Illuminate\Routing\ControllerDispatcher->dispatch(Object(Illuminate\Routing\Route), Object(Illuminate\Http\Request), 'App\\Http\\Contro...', 'index')
#17 C:\Users\Francis\Roaming\FinalCapstone\vendor\compiled.php(7288): Illuminate\Routing\Route->runWithCustomDispatcher(Object(Illuminate\Http\Request))
#18 C:\Users\Francis\Roaming\FinalCapstone\vendor\compiled.php(6954): Illuminate\Routing\Route->run(Object(Illuminate\Http\Request))
#19 [internal function]: Illuminate\Routing\Router->Illuminate\Routing\{closure}(Object(Illuminate\Http\Request))
#20 C:\Users\Francis\Roaming\FinalCapstone\vendor\compiled.php(8952): call_user_func(Object(Closure), Object(Illuminate\Http\Request))
#21 [internal function]: Illuminate\Pipeline\Pipeline->Illuminate\Pipeline\{closure}(Object(Illuminate\Http\Request))
#22 C:\Users\Francis\Roaming\FinalCapstone\vendor\compiled.php(8935): call_user_func(Object(Closure), Object(Illuminate\Http\Request))
#23 C:\Users\Francis\Roaming\FinalCapstone\vendor\compiled.php(6955): Illuminate\Pipeline\Pipeline->then(Object(Closure))
#24 C:\Users\Francis\Roaming\FinalCapstone\vendor\compiled.php(6944): Illuminate\Routing\Router->runRouteWithinStack(Object(Illuminate\Routing\Route), Object(Illuminate\Http\Request))
#25 C:\Users\Francis\Roaming\FinalCapstone\vendor\compiled.php(6929): Illuminate\Routing\Router->dispatchToRoute(Object(Illuminate\Http\Request))
#26 C:\Users\Francis\Roaming\FinalCapstone\vendor\compiled.php(1935): Illuminate\Routing\Router->dispatch(Object(Illuminate\Http\Request))
#27 [internal function]: Illuminate\Foundation\Http\Kernel->Illuminate\Foundation\Http\{closure}(Object(Illuminate\Http\Request))
#28 C:\Users\Francis\Roaming\FinalCapstone\vendor\compiled.php(8952): call_user_func(Object(Closure), Object(Illuminate\Http\Request))
#29 C:\Users\Francis\Roaming\FinalCapstone\vendor\compiled.php(2438): Illuminate\Pipeline\Pipeline->Illuminate\Pipeline\{closure}(Object(Illuminate\Http\Request))
#30 C:\Users\Francis\Roaming\FinalCapstone\app\Http\Middleware\VerifyCsrfToken.php(17): Illuminate\Foundation\Http\Middleware\VerifyCsrfToken->handle(Object(Illuminate\Http\Request), Object(Closure))
#31 C:\Users\Francis\Roaming\FinalCapstone\vendor\compiled.php(8944): App\Http\Middleware\VerifyCsrfToken->handle(Object(Illuminate\Http\Request), Object(Closure))
#32 C:\Users\Francis\Roaming\FinalCapstone\vendor\compiled.php(12083): Illuminate\Pipeline\Pipeline->Illuminate\Pipeline\{closure}(Object(Illuminate\Http\Request))
#33 C:\Users\Francis\Roaming\FinalCapstone\vendor\compiled.php(8944): Illuminate\View\Middleware\ShareErrorsFromSession->handle(Object(Illuminate\Http\Request), Object(Closure))
#34 C:\Users\Francis\Roaming\FinalCapstone\vendor\compiled.php(10785): Illuminate\Pipeline\Pipeline->Illuminate\Pipeline\{closure}(Object(Illuminate\Http\Request))
#35 C:\Users\Francis\Roaming\FinalCapstone\vendor\compiled.php(8944): Illuminate\Session\Middleware\StartSession->handle(Object(Illuminate\Http\Request), Object(Closure))
#36 C:\Users\Francis\Roaming\FinalCapstone\vendor\compiled.php(11789): Illuminate\Pipeline\Pipeline->Illuminate\Pipeline\{closure}(Object(Illuminate\Http\Request))
#37 C:\Users\Francis\Roaming\FinalCapstone\vendor\compiled.php(8944): Illuminate\Cookie\Middleware\AddQueuedCookiesToResponse->handle(Object(Illuminate\Http\Request), Object(Closure))
#38 C:\Users\Francis\Roaming\FinalCapstone\vendor\compiled.php(11738): Illuminate\Pipeline\Pipeline->Illuminate\Pipeline\{closure}(Object(Illuminate\Http\Request))
#39 C:\Users\Francis\Roaming\FinalCapstone\vendor\compiled.php(8944): Illuminate\Cookie\Middleware\EncryptCookies->handle(Object(Illuminate\Http\Request), Object(Closure))
#40 C:\Users\Francis\Roaming\FinalCapstone\vendor\compiled.php(2478): Illuminate\Pipeline\Pipeline->Illuminate\Pipeline\{closure}(Object(Illuminate\Http\Request))
#41 C:\Users\Francis\Roaming\FinalCapstone\vendor\compiled.php(8944): Illuminate\Foundation\Http\Middleware\CheckForMaintenanceMode->handle(Object(Illuminate\Http\Request), Object(Closure))
#42 [internal function]: Illuminate\Pipeline\Pipeline->Illuminate\Pipeline\{closure}(Object(Illuminate\Http\Request))
#43 C:\Users\Francis\Roaming\FinalCapstone\vendor\compiled.php(8935): call_user_func(Object(Closure), Object(Illuminate\Http\Request))
#44 C:\Users\Francis\Roaming\FinalCapstone\vendor\compiled.php(1891): Illuminate\Pipeline\Pipeline->then(Object(Closure))
#45 C:\Users\Francis\Roaming\FinalCapstone\vendor\compiled.php(1880): Illuminate\Foundation\Http\Kernel->sendRequestThroughRouter(Object(Illuminate\Http\Request))
#46 C:\Users\Francis\Roaming\FinalCapstone\public\index.php(53): Illuminate\Foundation\Http\Kernel->handle(Object(Illuminate\Http\Request))
#47 {main}  
[2017-02-14 18:58:25] local.ERROR: exception 'ErrorException' with message 'Undefined property: stdClass::$vip' in C:\Users\Francis\Roaming\FinalCapstone\storage\framework\views\0b1cb0cf3d180ba73177f407d195dbd5:29
Stack trace:
#0 C:\Users\Francis\Roaming\FinalCapstone\storage\framework\views\0b1cb0cf3d180ba73177f407d195dbd5(29): Illuminate\Foundation\Bootstrap\HandleExceptions->handleError(8, 'Undefined prope...', 'C:\\Users\\Franci...', 29, Array)
#1 C:\Users\Francis\Roaming\FinalCapstone\vendor\compiled.php(13650): include('C:\\Users\\Franci...')
#2 C:\Users\Francis\Roaming\FinalCapstone\vendor\compiled.php(13683): Illuminate\View\Engines\PhpEngine->evaluatePath('C:\\Users\\Franci...', Array)
#3 C:\Users\Francis\Roaming\FinalCapstone\vendor\compiled.php(13523): Illuminate\View\Engines\CompilerEngine->get('C:\\Users\\Franci...', Array)
#4 C:\Users\Francis\Roaming\FinalCapstone\vendor\compiled.php(13510): Illuminate\View\View->getContents()
#5 C:\Users\Francis\Roaming\FinalCapstone\vendor\compiled.php(13501): Illuminate\View\View->renderContents()
#6 C:\Users\Francis\Roaming\FinalCapstone\vendor\compiled.php(14597): Illuminate\View\View->render()
#7 C:\Users\Francis\Roaming\FinalCapstone\vendor\compiled.php(14126): Illuminate\Http\Response->setContent(Object(Illuminate\View\View))
#8 C:\Users\Francis\Roaming\FinalCapstone\vendor\compiled.php(7154): Symfony\Component\HttpFoundation\Response->__construct(Object(Illuminate\View\View))
#9 C:\Users\Francis\Roaming\FinalCapstone\vendor\compiled.php(6954): Illuminate\Routing\Router->prepareResponse(Object(Illuminate\Http\Request), Object(Illuminate\View\View))
#10 [internal function]: Illuminate\Routing\Router->Illuminate\Routing\{closure}(Object(Illuminate\Http\Request))
#11 C:\Users\Francis\Roaming\FinalCapstone\vendor\compiled.php(8952): call_user_func(Object(Closure), Object(Illuminate\Http\Request))
#12 [internal function]: Illuminate\Pipeline\Pipeline->Illuminate\Pipeline\{closure}(Object(Illuminate\Http\Request))
#13 C:\Users\Francis\Roaming\FinalCapstone\vendor\compiled.php(8935): call_user_func(Object(Closure), Object(Illuminate\Http\Request))
#14 C:\Users\Francis\Roaming\FinalCapstone\vendor\compiled.php(6955): Illuminate\Pipeline\Pipeline->then(Object(Closure))
#15 C:\Users\Francis\Roaming\FinalCapstone\vendor\compiled.php(6944): Illuminate\Routing\Router->runRouteWithinStack(Object(Illuminate\Routing\Route), Object(Illuminate\Http\Request))
#16 C:\Users\Francis\Roaming\FinalCapstone\vendor\compiled.php(6929): Illuminate\Routing\Router->dispatchToRoute(Object(Illuminate\Http\Request))
#17 C:\Users\Francis\Roaming\FinalCapstone\vendor\compiled.php(1935): Illuminate\Routing\Router->dispatch(Object(Illuminate\Http\Request))
#18 [internal function]: Illuminate\Foundation\Http\Kernel->Illuminate\Foundation\Http\{closure}(Object(Illuminate\Http\Request))
#19 C:\Users\Francis\Roaming\FinalCapstone\vendor\compiled.php(8952): call_user_func(Object(Closure), Object(Illuminate\Http\Request))
#20 C:\Users\Francis\Roaming\FinalCapstone\vendor\compiled.php(2438): Illuminate\Pipeline\Pipeline->Illuminate\Pipeline\{closure}(Object(Illuminate\Http\Request))
#21 C:\Users\Francis\Roaming\FinalCapstone\app\Http\Middleware\VerifyCsrfToken.php(17): Illuminate\Foundation\Http\Middleware\VerifyCsrfToken->handle(Object(Illuminate\Http\Request), Object(Closure))
#22 C:\Users\Francis\Roaming\FinalCapstone\vendor\compiled.php(8944): App\Http\Middleware\VerifyCsrfToken->handle(Object(Illuminate\Http\Request), Object(Closure))
#23 C:\Users\Francis\Roaming\FinalCapstone\vendor\compiled.php(12083): Illuminate\Pipeline\Pipeline->Illuminate\Pipeline\{closure}(Object(Illuminate\Http\Request))
#24 C:\Users\Francis\Roaming\FinalCapstone\vendor\compiled.php(8944): Illuminate\View\Middleware\ShareErrorsFromSession->handle(Object(Illuminate\Http\Request), Object(Closure))
#25 C:\Users\Francis\Roaming\FinalCapstone\vendor\compiled.php(10785): Illuminate\Pipeline\Pipeline->Illuminate\Pipeline\{closure}(Object(Illuminate\Http\Request))
#26 C:\Users\Francis\Roaming\FinalCapstone\vendor\compiled.php(8944): Illuminate\Session\Middleware\StartSession->handle(Object(Illuminate\Http\Request), Object(Closure))
#27 C:\Users\Francis\Roaming\FinalCapstone\vendor\compiled.php(11789): Illuminate\Pipeline\Pipeline->Illuminate\Pipeline\{closure}(Object(Illuminate\Http\Request))
#28 C:\Users\Francis\Roaming\FinalCapstone\vendor\compiled.php(8944): Illuminate\Cookie\Middleware\AddQueuedCookiesToResponse->handle(Object(Illuminate\Http\Request), Object(Closure))
#29 C:\Users\Francis\Roaming\FinalCapstone\vendor\compiled.php(11738): Illuminate\Pipeline\Pipeline->Illuminate\Pipeline\{closure}(Object(Illuminate\Http\Request))
#30 C:\Users\Francis\Roaming\FinalCapstone\vendor\compiled.php(8944): Illuminate\Cookie\Middleware\EncryptCookies->handle(Object(Illuminate\Http\Request), Object(Closure))
#31 C:\Users\Francis\Roaming\FinalCapstone\vendor\compiled.php(2478): Illuminate\Pipeline\Pipeline->Illuminate\Pipeline\{closure}(Object(Illuminate\Http\Request))
#32 C:\Users\Francis\Roaming\FinalCapstone\vendor\compiled.php(8944): Illuminate\Foundation\Http\Middleware\CheckForMaintenanceMode->handle(Object(Illuminate\Http\Request), Object(Closure))
#33 [internal function]: Illuminate\Pipeline\Pipeline->Illuminate\Pipeline\{closure}(Object(Illuminate\Http\Request))
#34 C:\Users\Francis\Roaming\FinalCapstone\vendor\compiled.php(8935): call_user_func(Object(Closure), Object(Illuminate\Http\Request))
#35 C:\Users\Francis\Roaming\FinalCapstone\vendor\compiled.php(1891): Illuminate\Pipeline\Pipeline->then(Object(Closure))
#36 C:\Users\Francis\Roaming\FinalCapstone\vendor\compiled.php(1880): Illuminate\Foundation\Http\Kernel->sendRequestThroughRouter(Object(Illuminate\Http\Request))
#37 C:\Users\Francis\Roaming\FinalCapstone\public\index.php(53): Illuminate\Foundation\Http\Kernel->handle(Object(Illuminate\Http\Request))
#38 {main}

Next exception 'ErrorException' with message 'Undefined property: stdClass::$vip (View: C:\Users\Francis\Roaming\FinalCapstone\resources\views\event.blade.php)' in C:\Users\Francis\Roaming\FinalCapstone\storage\framework\views\0b1cb0cf3d180ba73177f407d195dbd5:29
Stack trace:
#0 C:\Users\Francis\Roaming\FinalCapstone\vendor\compiled.php(13652): Illuminate\View\Engines\CompilerEngine->handleViewException(Object(ErrorException), 1)
#1 C:\Users\Francis\Roaming\FinalCapstone\vendor\compiled.php(13683): Illuminate\View\Engines\PhpEngine->evaluatePath('C:\\Users\\Franci...', Array)
#2 C:\Users\Francis\Roaming\FinalCapstone\vendor\compiled.php(13523): Illuminate\View\Engines\CompilerEngine->get('C:\\Users\\Franci...', Array)
#3 C:\Users\Francis\Roaming\FinalCapstone\vendor\compiled.php(13510): Illuminate\View\View->getContents()
#4 C:\Users\Francis\Roaming\FinalCapstone\vendor\compiled.php(13501): Illuminate\View\View->renderContents()
#5 C:\Users\Francis\Roaming\FinalCapstone\vendor\compiled.php(14597): Illuminate\View\View->render()
#6 C:\Users\Francis\Roaming\FinalCapstone\vendor\compiled.php(14126): Illuminate\Http\Response->setContent(Object(Illuminate\View\View))
#7 C:\Users\Francis\Roaming\FinalCapstone\vendor\compiled.php(7154): Symfony\Component\HttpFoundation\Response->__construct(Object(Illuminate\View\View))
#8 C:\Users\Francis\Roaming\FinalCapstone\vendor\compiled.php(6954): Illuminate\Routing\Router->prepareResponse(Object(Illuminate\Http\Request), Object(Illuminate\View\View))
#9 [internal function]: Illuminate\Routing\Router->Illuminate\Routing\{closure}(Object(Illuminate\Http\Request))
#10 C:\Users\Francis\Roaming\FinalCapstone\vendor\compiled.php(8952): call_user_func(Object(Closure), Object(Illuminate\Http\Request))
#11 [internal function]: Illuminate\Pipeline\Pipeline->Illuminate\Pipeline\{closure}(Object(Illuminate\Http\Request))
#12 C:\Users\Francis\Roaming\FinalCapstone\vendor\compiled.php(8935): call_user_func(Object(Closure), Object(Illuminate\Http\Request))
#13 C:\Users\Francis\Roaming\FinalCapstone\vendor\compiled.php(6955): Illuminate\Pipeline\Pipeline->then(Object(Closure))
#14 C:\Users\Francis\Roaming\FinalCapstone\vendor\compiled.php(6944): Illuminate\Routing\Router->runRouteWithinStack(Object(Illuminate\Routing\Route), Object(Illuminate\Http\Request))
#15 C:\Users\Francis\Roaming\FinalCapstone\vendor\compiled.php(6929): Illuminate\Routing\Router->dispatchToRoute(Object(Illuminate\Http\Request))
#16 C:\Users\Francis\Roaming\FinalCapstone\vendor\compiled.php(1935): Illuminate\Routing\Router->dispatch(Object(Illuminate\Http\Request))
#17 [internal function]: Illuminate\Foundation\Http\Kernel->Illuminate\Foundation\Http\{closure}(Object(Illuminate\Http\Request))
#18 C:\Users\Francis\Roaming\FinalCapstone\vendor\compiled.php(8952): call_user_func(Object(Closure), Object(Illuminate\Http\Request))
#19 C:\Users\Francis\Roaming\FinalCapstone\vendor\compiled.php(2438): Illuminate\Pipeline\Pipeline->Illuminate\Pipeline\{closure}(Object(Illuminate\Http\Request))
#20 C:\Users\Francis\Roaming\FinalCapstone\app\Http\Middleware\VerifyCsrfToken.php(17): Illuminate\Foundation\Http\Middleware\VerifyCsrfToken->handle(Object(Illuminate\Http\Request), Object(Closure))
#21 C:\Users\Francis\Roaming\FinalCapstone\vendor\compiled.php(8944): App\Http\Middleware\VerifyCsrfToken->handle(Object(Illuminate\Http\Request), Object(Closure))
#22 C:\Users\Francis\Roaming\FinalCapstone\vendor\compiled.php(12083): Illuminate\Pipeline\Pipeline->Illuminate\Pipeline\{closure}(Object(Illuminate\Http\Request))
#23 C:\Users\Francis\Roaming\FinalCapstone\vendor\compiled.php(8944): Illuminate\View\Middleware\ShareErrorsFromSession->handle(Object(Illuminate\Http\Request), Object(Closure))
#24 C:\Users\Francis\Roaming\FinalCapstone\vendor\compiled.php(10785): Illuminate\Pipeline\Pipeline->Illuminate\Pipeline\{closure}(Object(Illuminate\Http\Request))
#25 C:\Users\Francis\Roaming\FinalCapstone\vendor\compiled.php(8944): Illuminate\Session\Middleware\StartSession->handle(Object(Illuminate\Http\Request), Object(Closure))
#26 C:\Users\Francis\Roaming\FinalCapstone\vendor\compiled.php(11789): Illuminate\Pipeline\Pipeline->Illuminate\Pipeline\{closure}(Object(Illuminate\Http\Request))
#27 C:\Users\Francis\Roaming\FinalCapstone\vendor\compiled.php(8944): Illuminate\Cookie\Middleware\AddQueuedCookiesToResponse->handle(Object(Illuminate\Http\Request), Object(Closure))
#28 C:\Users\Francis\Roaming\FinalCapstone\vendor\compiled.php(11738): Illuminate\Pipeline\Pipeline->Illuminate\Pipeline\{closure}(Object(Illuminate\Http\Request))
#29 C:\Users\Francis\Roaming\FinalCapstone\vendor\compiled.php(8944): Illuminate\Cookie\Middleware\EncryptCookies->handle(Object(Illuminate\Http\Request), Object(Closure))
#30 C:\Users\Francis\Roaming\FinalCapstone\vendor\compiled.php(2478): Illuminate\Pipeline\Pipeline->Illuminate\Pipeline\{closure}(Object(Illuminate\Http\Request))
#31 C:\Users\Francis\Roaming\FinalCapstone\vendor\compiled.php(8944): Illuminate\Foundation\Http\Middleware\CheckForMaintenanceMode->handle(Object(Illuminate\Http\Request), Object(Closure))
#32 [internal function]: Illuminate\Pipeline\Pipeline->Illuminate\Pipeline\{closure}(Object(Illuminate\Http\Request))
#33 C:\Users\Francis\Roaming\FinalCapstone\vendor\compiled.php(8935): call_user_func(Object(Closure), Object(Illuminate\Http\Request))
#34 C:\Users\Francis\Roaming\FinalCapstone\vendor\compiled.php(1891): Illuminate\Pipeline\Pipeline->then(Object(Closure))
#35 C:\Users\Francis\Roaming\FinalCapstone\vendor\compiled.php(1880): Illuminate\Foundation\Http\Kernel->sendRequestThroughRouter(Object(Illuminate\Http\Request))
#36 C:\Users\Francis\Roaming\FinalCapstone\public\index.php(53): Illuminate\Foundation\Http\Kernel->handle(Object(Illuminate\Http\Request))
#37 {main}  
[2017-02-14 20:01:16] local.ERROR: exception 'PDOException' with message 'SQLSTATE[23000]: Integrity constraint violation: 1052 Column 'name' in where clause is ambiguous' in C:\Users\Francis\Roaming\FinalCapstone\vendor\laravel\framework\src\Illuminate\Database\Connection.php:288
Stack trace:
#0 C:\Users\Francis\Roaming\FinalCapstone\vendor\laravel\framework\src\Illuminate\Database\Connection.php(288): PDO->prepare('SELECT *,number...')
#1 C:\Users\Francis\Roaming\FinalCapstone\vendor\laravel\framework\src\Illuminate\Database\Connection.php(612): Illuminate\Database\Connection->Illuminate\Database\{closure}(Object(Illuminate\Database\MySqlConnection), Object(Illuminate\Database\Query\Expression), Array)
#2 C:\Users\Francis\Roaming\FinalCapstone\vendor\laravel\framework\src\Illuminate\Database\Connection.php(576): Illuminate\Database\Connection->runQueryCallback(Object(Illuminate\Database\Query\Expression), Array, Object(Closure))
#3 C:\Users\Francis\Roaming\FinalCapstone\vendor\laravel\framework\src\Illuminate\Database\Connection.php(293): Illuminate\Database\Connection->run(Object(Illuminate\Database\Query\Expression), Array, Object(Closure))
#4 [internal function]: Illuminate\Database\Connection->select(Object(Illuminate\Database\Query\Expression))
#5 C:\Users\Francis\Roaming\FinalCapstone\vendor\compiled.php(10636): call_user_func_array(Array, Array)
#6 C:\Users\Francis\Roaming\FinalCapstone\vendor\compiled.php(5301): Illuminate\Database\DatabaseManager->__call('select', Array)
#7 C:\Users\Francis\Roaming\FinalCapstone\vendor\compiled.php(5301): Illuminate\Database\DatabaseManager->select(Object(Illuminate\Database\Query\Expression))
#8 C:\Users\Francis\Roaming\FinalCapstone\app\Http\Controllers\MapController.php(19): Illuminate\Support\Facades\Facade::__callStatic('select', Array)
#9 C:\Users\Francis\Roaming\FinalCapstone\app\Http\Controllers\MapController.php(19): Illuminate\Support\Facades\DB::select(Object(Illuminate\Database\Query\Expression))
#10 [internal function]: App\Http\Controllers\MapController->index()
#11 C:\Users\Francis\Roaming\FinalCapstone\vendor\compiled.php(8287): call_user_func_array(Array, Array)
#12 C:\Users\Francis\Roaming\FinalCapstone\vendor\compiled.php(8354): Illuminate\Routing\Controller->callAction('index', Array)
#13 C:\Users\Francis\Roaming\FinalCapstone\vendor\compiled.php(8333): Illuminate\Routing\ControllerDispatcher->call(Object(App\Http\Controllers\MapController), Object(Illuminate\Routing\Route), 'index')
#14 [internal function]: Illuminate\Routing\ControllerDispatcher->Illuminate\Routing\{closure}(Object(Illuminate\Http\Request))
#15 C:\Users\Francis\Roaming\FinalCapstone\vendor\compiled.php(8952): call_user_func(Object(Closure), Object(Illuminate\Http\Request))
#16 [internal function]: Illuminate\Pipeline\Pipeline->Illuminate\Pipeline\{closure}(Object(Illuminate\Http\Request))
#17 C:\Users\Francis\Roaming\FinalCapstone\vendor\compiled.php(8935): call_user_func(Object(Closure), Object(Illuminate\Http\Request))
#18 C:\Users\Francis\Roaming\FinalCapstone\vendor\compiled.php(8334): Illuminate\Pipeline\Pipeline->then(Object(Closure))
#19 C:\Users\Francis\Roaming\FinalCapstone\vendor\compiled.php(8320): Illuminate\Routing\ControllerDispatcher->callWithinStack(Object(App\Http\Controllers\MapController), Object(Illuminate\Routing\Route), Object(Illuminate\Http\Request), 'index')
#20 C:\Users\Francis\Roaming\FinalCapstone\vendor\compiled.php(7317): Illuminate\Routing\ControllerDispatcher->dispatch(Object(Illuminate\Routing\Route), Object(Illuminate\Http\Request), 'App\\Http\\Contro...', 'index')
#21 C:\Users\Francis\Roaming\FinalCapstone\vendor\compiled.php(7288): Illuminate\Routing\Route->runWithCustomDispatcher(Object(Illuminate\Http\Request))
#22 C:\Users\Francis\Roaming\FinalCapstone\vendor\compiled.php(6954): Illuminate\Routing\Route->run(Object(Illuminate\Http\Request))
#23 [internal function]: Illuminate\Routing\Router->Illuminate\Routing\{closure}(Object(Illuminate\Http\Request))
#24 C:\Users\Francis\Roaming\FinalCapstone\vendor\compiled.php(8952): call_user_func(Object(Closure), Object(Illuminate\Http\Request))
#25 [internal function]: Illuminate\Pipeline\Pipeline->Illuminate\Pipeline\{closure}(Object(Illuminate\Http\Request))
#26 C:\Users\Francis\Roaming\FinalCapstone\vendor\compiled.php(8935): call_user_func(Object(Closure), Object(Illuminate\Http\Request))
#27 C:\Users\Francis\Roaming\FinalCapstone\vendor\compiled.php(6955): Illuminate\Pipeline\Pipeline->then(Object(Closure))
#28 C:\Users\Francis\Roaming\FinalCapstone\vendor\compiled.php(6944): Illuminate\Routing\Router->runRouteWithinStack(Object(Illuminate\Routing\Route), Object(Illuminate\Http\Request))
#29 C:\Users\Francis\Roaming\FinalCapstone\vendor\compiled.php(6929): Illuminate\Routing\Router->dispatchToRoute(Object(Illuminate\Http\Request))
#30 C:\Users\Francis\Roaming\FinalCapstone\vendor\compiled.php(1935): Illuminate\Routing\Router->dispatch(Object(Illuminate\Http\Request))
#31 [internal function]: Illuminate\Foundation\Http\Kernel->Illuminate\Foundation\Http\{closure}(Object(Illuminate\Http\Request))
#32 C:\Users\Francis\Roaming\FinalCapstone\vendor\compiled.php(8952): call_user_func(Object(Closure), Object(Illuminate\Http\Request))
#33 C:\Users\Francis\Roaming\FinalCapstone\vendor\compiled.php(2438): Illuminate\Pipeline\Pipeline->Illuminate\Pipeline\{closure}(Object(Illuminate\Http\Request))
#34 C:\Users\Francis\Roaming\FinalCapstone\app\Http\Middleware\VerifyCsrfToken.php(17): Illuminate\Foundation\Http\Middleware\VerifyCsrfToken->handle(Object(Illuminate\Http\Request), Object(Closure))
#35 C:\Users\Francis\Roaming\FinalCapstone\vendor\compiled.php(8944): App\Http\Middleware\VerifyCsrfToken->handle(Object(Illuminate\Http\Request), Object(Closure))
#36 C:\Users\Francis\Roaming\FinalCapstone\vendor\compiled.php(12083): Illuminate\Pipeline\Pipeline->Illuminate\Pipeline\{closure}(Object(Illuminate\Http\Request))
#37 C:\Users\Francis\Roaming\FinalCapstone\vendor\compiled.php(8944): Illuminate\View\Middleware\ShareErrorsFromSession->handle(Object(Illuminate\Http\Request), Object(Closure))
#38 C:\Users\Francis\Roaming\FinalCapstone\vendor\compiled.php(10785): Illuminate\Pipeline\Pipeline->Illuminate\Pipeline\{closure}(Object(Illuminate\Http\Request))
#39 C:\Users\Francis\Roaming\FinalCapstone\vendor\compiled.php(8944): Illuminate\Session\Middleware\StartSession->handle(Object(Illuminate\Http\Request), Object(Closure))
#40 C:\Users\Francis\Roaming\FinalCapstone\vendor\compiled.php(11789): Illuminate\Pipeline\Pipeline->Illuminate\Pipeline\{closure}(Object(Illuminate\Http\Request))
#41 C:\Users\Francis\Roaming\FinalCapstone\vendor\compiled.php(8944): Illuminate\Cookie\Middleware\AddQueuedCookiesToResponse->handle(Object(Illuminate\Http\Request), Object(Closure))
#42 C:\Users\Francis\Roaming\FinalCapstone\vendor\compiled.php(11738): Illuminate\Pipeline\Pipeline->Illuminate\Pipeline\{closure}(Object(Illuminate\Http\Request))
#43 C:\Users\Francis\Roaming\FinalCapstone\vendor\compiled.php(8944): Illuminate\Cookie\Middleware\EncryptCookies->handle(Object(Illuminate\Http\Request), Object(Closure))
#44 C:\Users\Francis\Roaming\FinalCapstone\vendor\compiled.php(2478): Illuminate\Pipeline\Pipeline->Illuminate\Pipeline\{closure}(Object(Illuminate\Http\Request))
#45 C:\Users\Francis\Roaming\FinalCapstone\vendor\compiled.php(8944): Illuminate\Foundation\Http\Middleware\CheckForMaintenanceMode->handle(Object(Illuminate\Http\Request), Object(Closure))
#46 [internal function]: Illuminate\Pipeline\Pipeline->Illuminate\Pipeline\{closure}(Object(Illuminate\Http\Request))
#47 C:\Users\Francis\Roaming\FinalCapstone\vendor\compiled.php(8935): call_user_func(Object(Closure), Object(Illuminate\Http\Request))
#48 C:\Users\Francis\Roaming\FinalCapstone\vendor\compiled.php(1891): Illuminate\Pipeline\Pipeline->then(Object(Closure))
#49 C:\Users\Francis\Roaming\FinalCapstone\vendor\compiled.php(1880): Illuminate\Foundation\Http\Kernel->sendRequestThroughRouter(Object(Illuminate\Http\Request))
#50 C:\Users\Francis\Roaming\FinalCapstone\public\index.php(53): Illuminate\Foundation\Http\Kernel->handle(Object(Illuminate\Http\Request))
#51 {main}

Next exception 'Illuminate\Database\QueryException' with message 'SQLSTATE[23000]: Integrity constraint violation: 1052 Column 'name' in where clause is ambiguous (SQL: SELECT *,number_left FROM markers,event_folders WHERE identify = 'New Play' and name='New Play')' in C:\Users\Francis\Roaming\FinalCapstone\vendor\laravel\framework\src\Illuminate\Database\Connection.php:620
Stack trace:
#0 C:\Users\Francis\Roaming\FinalCapstone\vendor\laravel\framework\src\Illuminate\Database\Connection.php(576): Illuminate\Database\Connection->runQueryCallback(Object(Illuminate\Database\Query\Expression), Array, Object(Closure))
#1 C:\Users\Francis\Roaming\FinalCapstone\vendor\laravel\framework\src\Illuminate\Database\Connection.php(293): Illuminate\Database\Connection->run(Object(Illuminate\Database\Query\Expression), Array, Object(Closure))
#2 [internal function]: Illuminate\Database\Connection->select(Object(Illuminate\Database\Query\Expression))
#3 C:\Users\Francis\Roaming\FinalCapstone\vendor\compiled.php(10636): call_user_func_array(Array, Array)
#4 C:\Users\Francis\Roaming\FinalCapstone\vendor\compiled.php(5301): Illuminate\Database\DatabaseManager->__call('select', Array)
#5 C:\Users\Francis\Roaming\FinalCapstone\vendor\compiled.php(5301): Illuminate\Database\DatabaseManager->select(Object(Illuminate\Database\Query\Expression))
#6 C:\Users\Francis\Roaming\FinalCapstone\app\Http\Controllers\MapController.php(19): Illuminate\Support\Facades\Facade::__callStatic('select', Array)
#7 C:\Users\Francis\Roaming\FinalCapstone\app\Http\Controllers\MapController.php(19): Illuminate\Support\Facades\DB::select(Object(Illuminate\Database\Query\Expression))
#8 [internal function]: App\Http\Controllers\MapController->index()
#9 C:\Users\Francis\Roaming\FinalCapstone\vendor\compiled.php(8287): call_user_func_array(Array, Array)
#10 C:\Users\Francis\Roaming\FinalCapstone\vendor\compiled.php(8354): Illuminate\Routing\Controller->callAction('index', Array)
#11 C:\Users\Francis\Roaming\FinalCapstone\vendor\compiled.php(8333): Illuminate\Routing\ControllerDispatcher->call(Object(App\Http\Controllers\MapController), Object(Illuminate\Routing\Route), 'index')
#12 [internal function]: Illuminate\Routing\ControllerDispatcher->Illuminate\Routing\{closure}(Object(Illuminate\Http\Request))
#13 C:\Users\Francis\Roaming\FinalCapstone\vendor\compiled.php(8952): call_user_func(Object(Closure), Object(Illuminate\Http\Request))
#14 [internal function]: Illuminate\Pipeline\Pipeline->Illuminate\Pipeline\{closure}(Object(Illuminate\Http\Request))
#15 C:\Users\Francis\Roaming\FinalCapstone\vendor\compiled.php(8935): call_user_func(Object(Closure), Object(Illuminate\Http\Request))
#16 C:\Users\Francis\Roaming\FinalCapstone\vendor\compiled.php(8334): Illuminate\Pipeline\Pipeline->then(Object(Closure))
#17 C:\Users\Francis\Roaming\FinalCapstone\vendor\compiled.php(8320): Illuminate\Routing\ControllerDispatcher->callWithinStack(Object(App\Http\Controllers\MapController), Object(Illuminate\Routing\Route), Object(Illuminate\Http\Request), 'index')
#18 C:\Users\Francis\Roaming\FinalCapstone\vendor\compiled.php(7317): Illuminate\Routing\ControllerDispatcher->dispatch(Object(Illuminate\Routing\Route), Object(Illuminate\Http\Request), 'App\\Http\\Contro...', 'index')
#19 C:\Users\Francis\Roaming\FinalCapstone\vendor\compiled.php(7288): Illuminate\Routing\Route->runWithCustomDispatcher(Object(Illuminate\Http\Request))
#20 C:\Users\Francis\Roaming\FinalCapstone\vendor\compiled.php(6954): Illuminate\Routing\Route->run(Object(Illuminate\Http\Request))
#21 [internal function]: Illuminate\Routing\Router->Illuminate\Routing\{closure}(Object(Illuminate\Http\Request))
#22 C:\Users\Francis\Roaming\FinalCapstone\vendor\compiled.php(8952): call_user_func(Object(Closure), Object(Illuminate\Http\Request))
#23 [internal function]: Illuminate\Pipeline\Pipeline->Illuminate\Pipeline\{closure}(Object(Illuminate\Http\Request))
#24 C:\Users\Francis\Roaming\FinalCapstone\vendor\compiled.php(8935): call_user_func(Object(Closure), Object(Illuminate\Http\Request))
#25 C:\Users\Francis\Roaming\FinalCapstone\vendor\compiled.php(6955): Illuminate\Pipeline\Pipeline->then(Object(Closure))
#26 C:\Users\Francis\Roaming\FinalCapstone\vendor\compiled.php(6944): Illuminate\Routing\Router->runRouteWithinStack(Object(Illuminate\Routing\Route), Object(Illuminate\Http\Request))
#27 C:\Users\Francis\Roaming\FinalCapstone\vendor\compiled.php(6929): Illuminate\Routing\Router->dispatchToRoute(Object(Illuminate\Http\Request))
#28 C:\Users\Francis\Roaming\FinalCapstone\vendor\compiled.php(1935): Illuminate\Routing\Router->dispatch(Object(Illuminate\Http\Request))
#29 [internal function]: Illuminate\Foundation\Http\Kernel->Illuminate\Foundation\Http\{closure}(Object(Illuminate\Http\Request))
#30 C:\Users\Francis\Roaming\FinalCapstone\vendor\compiled.php(8952): call_user_func(Object(Closure), Object(Illuminate\Http\Request))
#31 C:\Users\Francis\Roaming\FinalCapstone\vendor\compiled.php(2438): Illuminate\Pipeline\Pipeline->Illuminate\Pipeline\{closure}(Object(Illuminate\Http\Request))
#32 C:\Users\Francis\Roaming\FinalCapstone\app\Http\Middleware\VerifyCsrfToken.php(17): Illuminate\Foundation\Http\Middleware\VerifyCsrfToken->handle(Object(Illuminate\Http\Request), Object(Closure))
#33 C:\Users\Francis\Roaming\FinalCapstone\vendor\compiled.php(8944): App\Http\Middleware\VerifyCsrfToken->handle(Object(Illuminate\Http\Request), Object(Closure))
#34 C:\Users\Francis\Roaming\FinalCapstone\vendor\compiled.php(12083): Illuminate\Pipeline\Pipeline->Illuminate\Pipeline\{closure}(Object(Illuminate\Http\Request))
#35 C:\Users\Francis\Roaming\FinalCapstone\vendor\compiled.php(8944): Illuminate\View\Middleware\ShareErrorsFromSession->handle(Object(Illuminate\Http\Request), Object(Closure))
#36 C:\Users\Francis\Roaming\FinalCapstone\vendor\compiled.php(10785): Illuminate\Pipeline\Pipeline->Illuminate\Pipeline\{closure}(Object(Illuminate\Http\Request))
#37 C:\Users\Francis\Roaming\FinalCapstone\vendor\compiled.php(8944): Illuminate\Session\Middleware\StartSession->handle(Object(Illuminate\Http\Request), Object(Closure))
#38 C:\Users\Francis\Roaming\FinalCapstone\vendor\compiled.php(11789): Illuminate\Pipeline\Pipeline->Illuminate\Pipeline\{closure}(Object(Illuminate\Http\Request))
#39 C:\Users\Francis\Roaming\FinalCapstone\vendor\compiled.php(8944): Illuminate\Cookie\Middleware\AddQueuedCookiesToResponse->handle(Object(Illuminate\Http\Request), Object(Closure))
#40 C:\Users\Francis\Roaming\FinalCapstone\vendor\compiled.php(11738): Illuminate\Pipeline\Pipeline->Illuminate\Pipeline\{closure}(Object(Illuminate\Http\Request))
#41 C:\Users\Francis\Roaming\FinalCapstone\vendor\compiled.php(8944): Illuminate\Cookie\Middleware\EncryptCookies->handle(Object(Illuminate\Http\Request), Object(Closure))
#42 C:\Users\Francis\Roaming\FinalCapstone\vendor\compiled.php(2478): Illuminate\Pipeline\Pipeline->Illuminate\Pipeline\{closure}(Object(Illuminate\Http\Request))
#43 C:\Users\Francis\Roaming\FinalCapstone\vendor\compiled.php(8944): Illuminate\Foundation\Http\Middleware\CheckForMaintenanceMode->handle(Object(Illuminate\Http\Request), Object(Closure))
#44 [internal function]: Illuminate\Pipeline\Pipeline->Illuminate\Pipeline\{closure}(Object(Illuminate\Http\Request))
#45 C:\Users\Francis\Roaming\FinalCapstone\vendor\compiled.php(8935): call_user_func(Object(Closure), Object(Illuminate\Http\Request))
#46 C:\Users\Francis\Roaming\FinalCapstone\vendor\compiled.php(1891): Illuminate\Pipeline\Pipeline->then(Object(Closure))
#47 C:\Users\Francis\Roaming\FinalCapstone\vendor\compiled.php(1880): Illuminate\Foundation\Http\Kernel->sendRequestThroughRouter(Object(Illuminate\Http\Request))
#48 C:\Users\Francis\Roaming\FinalCapstone\public\index.php(53): Illuminate\Foundation\Http\Kernel->handle(Object(Illuminate\Http\Request))
#49 {main}  
