[2017-01-20 16:12:54] local.ERROR: exception 'PDOException' with message 'SQLSTATE[42S02]: Base table or view not found: 1051 Unknown table 'laravel_5.post'' in C:\Users\Francis\AppData\Roaming\Composer\FinalCapstone\vendor\laravel\framework\src\Illuminate\Database\Connection.php:358
Stack trace:
#0 C:\Users\Francis\AppData\Roaming\Composer\FinalCapstone\vendor\laravel\framework\src\Illuminate\Database\Connection.php(358): PDOStatement->execute(Array)
#1 C:\Users\Francis\AppData\Roaming\Composer\FinalCapstone\vendor\laravel\framework\src\Illuminate\Database\Connection.php(612): Illuminate\Database\Connection->Illuminate\Database\{closure}(Object(Illuminate\Database\MySqlConnection), 'drop table `pos...', Array)
#2 C:\Users\Francis\AppData\Roaming\Composer\FinalCapstone\vendor\laravel\framework\src\Illuminate\Database\Connection.php(576): Illuminate\Database\Connection->runQueryCallback('drop table `pos...', Array, Object(Closure))
#3 C:\Users\Francis\AppData\Roaming\Composer\FinalCapstone\vendor\laravel\framework\src\Illuminate\Database\Connection.php(359): Illuminate\Database\Connection->run('drop table `pos...', Array, Object(Closure))
#4 C:\Users\Francis\AppData\Roaming\Composer\FinalCapstone\vendor\laravel\framework\src\Illuminate\Database\Schema\Blueprint.php(63): Illuminate\Database\Connection->statement('drop table `pos...')
#5 C:\Users\Francis\AppData\Roaming\Composer\FinalCapstone\vendor\laravel\framework\src\Illuminate\Database\Schema\Builder.php(169): Illuminate\Database\Schema\Blueprint->build(Object(Illuminate\Database\MySqlConnection), Object(Illuminate\Database\Schema\Grammars\MySqlGrammar))
#6 C:\Users\Francis\AppData\Roaming\Composer\FinalCapstone\vendor\laravel\framework\src\Illuminate\Database\Schema\Builder.php(127): Illuminate\Database\Schema\Builder->build(Object(Illuminate\Database\Schema\Blueprint))
#7 C:\Users\Francis\AppData\Roaming\Composer\FinalCapstone\vendor\compiled.php(5301): Illuminate\Database\Schema\Builder->drop('post')
#8 C:\Users\Francis\AppData\Roaming\Composer\FinalCapstone\database\migrations\2017_01_03_205511_create_post_table.php(34): Illuminate\Support\Facades\Facade::__callStatic('drop', Array)
#9 C:\Users\Francis\AppData\Roaming\Composer\FinalCapstone\database\migrations\2017_01_03_205511_create_post_table.php(34): Illuminate\Support\Facades\Schema::drop('post')
#10 C:\Users\Francis\AppData\Roaming\Composer\FinalCapstone\vendor\laravel\framework\src\Illuminate\Database\Migrations\Migrator.php(199): CreatePostTable->down()
#11 C:\Users\Francis\AppData\Roaming\Composer\FinalCapstone\vendor\laravel\framework\src\Illuminate\Database\Migrations\Migrator.php(172): Illuminate\Database\Migrations\Migrator->runDown(Object(stdClass), false)
#12 C:\Users\Francis\AppData\Roaming\Composer\FinalCapstone\vendor\laravel\framework\src\Illuminate\Database\Console\Migrations\ResetCommand.php(61): Illuminate\Database\Migrations\Migrator->rollback(false)
#13 [internal function]: Illuminate\Database\Console\Migrations\ResetCommand->fire()
#14 C:\Users\Francis\AppData\Roaming\Composer\FinalCapstone\vendor\compiled.php(925): call_user_func_array(Array, Array)
#15 C:\Users\Francis\AppData\Roaming\Composer\FinalCapstone\vendor\laravel\framework\src\Illuminate\Console\Command.php(115): Illuminate\Container\Container->call(Array)
#16 C:\Users\Francis\AppData\Roaming\Composer\FinalCapstone\vendor\symfony\console\Symfony\Component\Console\Command\Command.php(253): Illuminate\Console\Command->execute(Object(Symfony\Component\Console\Input\ArrayInput), Object(Symfony\Component\Console\Output\ConsoleOutput))
#17 C:\Users\Francis\AppData\Roaming\Composer\FinalCapstone\vendor\laravel\framework\src\Illuminate\Console\Command.php(101): Symfony\Component\Console\Command\Command->run(Object(Symfony\Component\Console\Input\ArrayInput), Object(Symfony\Component\Console\Output\ConsoleOutput))
#18 C:\Users\Francis\AppData\Roaming\Composer\FinalCapstone\vendor\laravel\framework\src\Illuminate\Console\Command.php(131): Illuminate\Console\Command->run(Object(Symfony\Component\Console\Input\ArrayInput), Object(Symfony\Component\Console\Output\ConsoleOutput))
#19 C:\Users\Francis\AppData\Roaming\Composer\FinalCapstone\vendor\laravel\framework\src\Illuminate\Database\Console\Migrations\RefreshCommand.php(40): Illuminate\Console\Command->call('migrate:reset', Array)
#20 [internal function]: Illuminate\Database\Console\Migrations\RefreshCommand->fire()
#21 C:\Users\Francis\AppData\Roaming\Composer\FinalCapstone\vendor\compiled.php(925): call_user_func_array(Array, Array)
#22 C:\Users\Francis\AppData\Roaming\Composer\FinalCapstone\vendor\laravel\framework\src\Illuminate\Console\Command.php(115): Illuminate\Container\Container->call(Array)
#23 C:\Users\Francis\AppData\Roaming\Composer\FinalCapstone\vendor\symfony\console\Symfony\Component\Console\Command\Command.php(253): Illuminate\Console\Command->execute(Object(Symfony\Component\Console\Input\ArgvInput), Object(Symfony\Component\Console\Output\ConsoleOutput))
#24 C:\Users\Francis\AppData\Roaming\Composer\FinalCapstone\vendor\laravel\framework\src\Illuminate\Console\Command.php(101): Symfony\Component\Console\Command\Command->run(Object(Symfony\Component\Console\Input\ArgvInput), Object(Symfony\Component\Console\Output\ConsoleOutput))
#25 C:\Users\Francis\AppData\Roaming\Composer\FinalCapstone\vendor\symfony\console\Symfony\Component\Console\Application.php(874): Illuminate\Console\Command->run(Object(Symfony\Component\Console\Input\ArgvInput), Object(Symfony\Component\Console\Output\ConsoleOutput))
#26 C:\Users\Francis\AppData\Roaming\Composer\FinalCapstone\vendor\symfony\console\Symfony\Component\Console\Application.php(195): Symfony\Component\Console\Application->doRunCommand(Object(Illuminate\Database\Console\Migrations\RefreshCommand), Object(Symfony\Component\Console\Input\ArgvInput), Object(Symfony\Component\Console\Output\ConsoleOutput))
#27 C:\Users\Francis\AppData\Roaming\Composer\FinalCapstone\vendor\symfony\console\Symfony\Component\Console\Application.php(126): Symfony\Component\Console\Application->doRun(Object(Symfony\Component\Console\Input\ArgvInput), Object(Symfony\Component\Console\Output\ConsoleOutput))
#28 C:\Users\Francis\AppData\Roaming\Composer\FinalCapstone\vendor\laravel\framework\src\Illuminate\Foundation\Console\Kernel.php(90): Symfony\Component\Console\Application->run(Object(Symfony\Component\Console\Input\ArgvInput), Object(Symfony\Component\Console\Output\ConsoleOutput))
#29 C:\Users\Francis\AppData\Roaming\Composer\FinalCapstone\artisan(36): Illuminate\Foundation\Console\Kernel->handle(Object(Symfony\Component\Console\Input\ArgvInput), Object(Symfony\Component\Console\Output\ConsoleOutput))
#30 {main}

Next exception 'Illuminate\Database\QueryException' with message 'SQLSTATE[42S02]: Base table or view not found: 1051 Unknown table 'laravel_5.post' (SQL: drop table `post`)' in C:\Users\Francis\AppData\Roaming\Composer\FinalCapstone\vendor\laravel\framework\src\Illuminate\Database\Connection.php:620
Stack trace:
#0 C:\Users\Francis\AppData\Roaming\Composer\FinalCapstone\vendor\laravel\framework\src\Illuminate\Database\Connection.php(576): Illuminate\Database\Connection->runQueryCallback('drop table `pos...', Array, Object(Closure))
#1 C:\Users\Francis\AppData\Roaming\Composer\FinalCapstone\vendor\laravel\framework\src\Illuminate\Database\Connection.php(359): Illuminate\Database\Connection->run('drop table `pos...', Array, Object(Closure))
#2 C:\Users\Francis\AppData\Roaming\Composer\FinalCapstone\vendor\laravel\framework\src\Illuminate\Database\Schema\Blueprint.php(63): Illuminate\Database\Connection->statement('drop table `pos...')
#3 C:\Users\Francis\AppData\Roaming\Composer\FinalCapstone\vendor\laravel\framework\src\Illuminate\Database\Schema\Builder.php(169): Illuminate\Database\Schema\Blueprint->build(Object(Illuminate\Database\MySqlConnection), Object(Illuminate\Database\Schema\Grammars\MySqlGrammar))
#4 C:\Users\Francis\AppData\Roaming\Composer\FinalCapstone\vendor\laravel\framework\src\Illuminate\Database\Schema\Builder.php(127): Illuminate\Database\Schema\Builder->build(Object(Illuminate\Database\Schema\Blueprint))
#5 C:\Users\Francis\AppData\Roaming\Composer\FinalCapstone\vendor\compiled.php(5301): Illuminate\Database\Schema\Builder->drop('post')
#6 C:\Users\Francis\AppData\Roaming\Composer\FinalCapstone\database\migrations\2017_01_03_205511_create_post_table.php(34): Illuminate\Support\Facades\Facade::__callStatic('drop', Array)
#7 C:\Users\Francis\AppData\Roaming\Composer\FinalCapstone\database\migrations\2017_01_03_205511_create_post_table.php(34): Illuminate\Support\Facades\Schema::drop('post')
#8 C:\Users\Francis\AppData\Roaming\Composer\FinalCapstone\vendor\laravel\framework\src\Illuminate\Database\Migrations\Migrator.php(199): CreatePostTable->down()
#9 C:\Users\Francis\AppData\Roaming\Composer\FinalCapstone\vendor\laravel\framework\src\Illuminate\Database\Migrations\Migrator.php(172): Illuminate\Database\Migrations\Migrator->runDown(Object(stdClass), false)
#10 C:\Users\Francis\AppData\Roaming\Composer\FinalCapstone\vendor\laravel\framework\src\Illuminate\Database\Console\Migrations\ResetCommand.php(61): Illuminate\Database\Migrations\Migrator->rollback(false)
#11 [internal function]: Illuminate\Database\Console\Migrations\ResetCommand->fire()
#12 C:\Users\Francis\AppData\Roaming\Composer\FinalCapstone\vendor\compiled.php(925): call_user_func_array(Array, Array)
#13 C:\Users\Francis\AppData\Roaming\Composer\FinalCapstone\vendor\laravel\framework\src\Illuminate\Console\Command.php(115): Illuminate\Container\Container->call(Array)
#14 C:\Users\Francis\AppData\Roaming\Composer\FinalCapstone\vendor\symfony\console\Symfony\Component\Console\Command\Command.php(253): Illuminate\Console\Command->execute(Object(Symfony\Component\Console\Input\ArrayInput), Object(Symfony\Component\Console\Output\ConsoleOutput))
#15 C:\Users\Francis\AppData\Roaming\Composer\FinalCapstone\vendor\laravel\framework\src\Illuminate\Console\Command.php(101): Symfony\Component\Console\Command\Command->run(Object(Symfony\Component\Console\Input\ArrayInput), Object(Symfony\Component\Console\Output\ConsoleOutput))
#16 C:\Users\Francis\AppData\Roaming\Composer\FinalCapstone\vendor\laravel\framework\src\Illuminate\Console\Command.php(131): Illuminate\Console\Command->run(Object(Symfony\Component\Console\Input\ArrayInput), Object(Symfony\Component\Console\Output\ConsoleOutput))
#17 C:\Users\Francis\AppData\Roaming\Composer\FinalCapstone\vendor\laravel\framework\src\Illuminate\Database\Console\Migrations\RefreshCommand.php(40): Illuminate\Console\Command->call('migrate:reset', Array)
#18 [internal function]: Illuminate\Database\Console\Migrations\RefreshCommand->fire()
#19 C:\Users\Francis\AppData\Roaming\Composer\FinalCapstone\vendor\compiled.php(925): call_user_func_array(Array, Array)
#20 C:\Users\Francis\AppData\Roaming\Composer\FinalCapstone\vendor\laravel\framework\src\Illuminate\Console\Command.php(115): Illuminate\Container\Container->call(Array)
#21 C:\Users\Francis\AppData\Roaming\Composer\FinalCapstone\vendor\symfony\console\Symfony\Component\Console\Command\Command.php(253): Illuminate\Console\Command->execute(Object(Symfony\Component\Console\Input\ArgvInput), Object(Symfony\Component\Console\Output\ConsoleOutput))
#22 C:\Users\Francis\AppData\Roaming\Composer\FinalCapstone\vendor\laravel\framework\src\Illuminate\Console\Command.php(101): Symfony\Component\Console\Command\Command->run(Object(Symfony\Component\Console\Input\ArgvInput), Object(Symfony\Component\Console\Output\ConsoleOutput))
#23 C:\Users\Francis\AppData\Roaming\Composer\FinalCapstone\vendor\symfony\console\Symfony\Component\Console\Application.php(874): Illuminate\Console\Command->run(Object(Symfony\Component\Console\Input\ArgvInput), Object(Symfony\Component\Console\Output\ConsoleOutput))
#24 C:\Users\Francis\AppData\Roaming\Composer\FinalCapstone\vendor\symfony\console\Symfony\Component\Console\Application.php(195): Symfony\Component\Console\Application->doRunCommand(Object(Illuminate\Database\Console\Migrations\RefreshCommand), Object(Symfony\Component\Console\Input\ArgvInput), Object(Symfony\Component\Console\Output\ConsoleOutput))
#25 C:\Users\Francis\AppData\Roaming\Composer\FinalCapstone\vendor\symfony\console\Symfony\Component\Console\Application.php(126): Symfony\Component\Console\Application->doRun(Object(Symfony\Component\Console\Input\ArgvInput), Object(Symfony\Component\Console\Output\ConsoleOutput))
#26 C:\Users\Francis\AppData\Roaming\Composer\FinalCapstone\vendor\laravel\framework\src\Illuminate\Foundation\Console\Kernel.php(90): Symfony\Component\Console\Application->run(Object(Symfony\Component\Console\Input\ArgvInput), Object(Symfony\Component\Console\Output\ConsoleOutput))
#27 C:\Users\Francis\AppData\Roaming\Composer\FinalCapstone\artisan(36): Illuminate\Foundation\Console\Kernel->handle(Object(Symfony\Component\Console\Input\ArgvInput), Object(Symfony\Component\Console\Output\ConsoleOutput))
#28 {main}  
[2017-01-20 16:14:20] local.ERROR: exception 'Symfony\Component\Debug\Exception\FatalErrorException' with message 'Call to undefined method Illuminate\Database\Schema\Blueprint::int()' in C:\Users\Francis\AppData\Roaming\Composer\FinalCapstone\database\migrations\2017_01_20_161344_create_event_folders_table.php:20
Stack trace:
#0 {main}  
