[2017-02-07 14:29:00] local.ERROR: exception 'InvalidArgumentException' with message 'Action App\Http\Controllers\PreferenceController@index not defined.' in C:\Users\Francis\Roaming\FinalCapstone\vendor\compiled.php:8658
Stack trace:
#0 C:\Users\Francis\Roaming\FinalCapstone\vendor\laravel\framework\src\Illuminate\Foundation\helpers.php(35): Illuminate\Routing\UrlGenerator->action('PreferenceContr...', Array)
#1 C:\Users\Francis\Roaming\FinalCapstone\storage\framework\views\50f07351575b33056478648f31179f97(52): action('PreferenceContr...')
#2 C:\Users\Francis\Roaming\FinalCapstone\vendor\compiled.php(13650): include('C:\\Users\\Franci...')
#3 C:\Users\Francis\Roaming\FinalCapstone\vendor\compiled.php(13683): Illuminate\View\Engines\PhpEngine->evaluatePath('C:\\Users\\Franci...', Array)
#4 C:\Users\Francis\Roaming\FinalCapstone\vendor\compiled.php(13523): Illuminate\View\Engines\CompilerEngine->get('C:\\Users\\Franci...', Array)
#5 C:\Users\Francis\Roaming\FinalCapstone\vendor\compiled.php(13510): Illuminate\View\View->getContents()
#6 C:\Users\Francis\Roaming\FinalCapstone\vendor\compiled.php(13501): Illuminate\View\View->renderContents()
#7 C:\Users\Francis\Roaming\FinalCapstone\storage\framework\views\0b1cb0cf3d180ba73177f407d195dbd5(63): Illuminate\View\View->render()
#8 C:\Users\Francis\Roaming\FinalCapstone\vendor\compiled.php(13650): include('C:\\Users\\Franci...')
#9 C:\Users\Francis\Roaming\FinalCapstone\vendor\compiled.php(13683): Illuminate\View\Engines\PhpEngine->evaluatePath('C:\\Users\\Franci...', Array)
#10 C:\Users\Francis\Roaming\FinalCapstone\vendor\compiled.php(13523): Illuminate\View\Engines\CompilerEngine->get('C:\\Users\\Franci...', Array)
#11 C:\Users\Francis\Roaming\FinalCapstone\vendor\compiled.php(13510): Illuminate\View\View->getContents()
#12 C:\Users\Francis\Roaming\FinalCapstone\vendor\compiled.php(13501): Illuminate\View\View->renderContents()
#13 C:\Users\Francis\Roaming\FinalCapstone\vendor\compiled.php(14597): Illuminate\View\View->render()
#14 C:\Users\Francis\Roaming\FinalCapstone\vendor\compiled.php(14126): Illuminate\Http\Response->setContent(Object(Illuminate\View\View))
#15 C:\Users\Francis\Roaming\FinalCapstone\vendor\compiled.php(7154): Symfony\Component\HttpFoundation\Response->__construct(Object(Illuminate\View\View))
#16 C:\Users\Francis\Roaming\FinalCapstone\vendor\compiled.php(6954): Illuminate\Routing\Router->prepareResponse(Object(Illuminate\Http\Request), Object(Illuminate\View\View))
#17 [internal function]: Illuminate\Routing\Router->Illuminate\Routing\{closure}(Object(Illuminate\Http\Request))
#18 C:\Users\Francis\Roaming\FinalCapstone\vendor\compiled.php(8952): call_user_func(Object(Closure), Object(Illuminate\Http\Request))
#19 [internal function]: Illuminate\Pipeline\Pipeline->Illuminate\Pipeline\{closure}(Object(Illuminate\Http\Request))
#20 C:\Users\Francis\Roaming\FinalCapstone\vendor\compiled.php(8935): call_user_func(Object(Closure), Object(Illuminate\Http\Request))
#21 C:\Users\Francis\Roaming\FinalCapstone\vendor\compiled.php(6955): Illuminate\Pipeline\Pipeline->then(Object(Closure))
#22 C:\Users\Francis\Roaming\FinalCapstone\vendor\compiled.php(6944): Illuminate\Routing\Router->runRouteWithinStack(Object(Illuminate\Routing\Route), Object(Illuminate\Http\Request))
#23 C:\Users\Francis\Roaming\FinalCapstone\vendor\compiled.php(6929): Illuminate\Routing\Router->dispatchToRoute(Object(Illuminate\Http\Request))
#24 C:\Users\Francis\Roaming\FinalCapstone\vendor\compiled.php(1935): Illuminate\Routing\Router->dispatch(Object(Illuminate\Http\Request))
#25 [internal function]: Illuminate\Foundation\Http\Kernel->Illuminate\Foundation\Http\{closure}(Object(Illuminate\Http\Request))
#26 C:\Users\Francis\Roaming\FinalCapstone\vendor\compiled.php(8952): call_user_func(Object(Closure), Object(Illuminate\Http\Request))
#27 C:\Users\Francis\Roaming\FinalCapstone\vendor\compiled.php(2438): Illuminate\Pipeline\Pipeline->Illuminate\Pipeline\{closure}(Object(Illuminate\Http\Request))
#28 C:\Users\Francis\Roaming\FinalCapstone\app\Http\Middleware\VerifyCsrfToken.php(17): Illuminate\Foundation\Http\Middleware\VerifyCsrfToken->handle(Object(Illuminate\Http\Request), Object(Closure))
#29 C:\Users\Francis\Roaming\FinalCapstone\vendor\compiled.php(8944): App\Http\Middleware\VerifyCsrfToken->handle(Object(Illuminate\Http\Request), Object(Closure))
#30 C:\Users\Francis\Roaming\FinalCapstone\vendor\compiled.php(12083): Illuminate\Pipeline\Pipeline->Illuminate\Pipeline\{closure}(Object(Illuminate\Http\Request))
#31 C:\Users\Francis\Roaming\FinalCapstone\vendor\compiled.php(8944): Illuminate\View\Middleware\ShareErrorsFromSession->handle(Object(Illuminate\Http\Request), Object(Closure))
#32 C:\Users\Francis\Roaming\FinalCapstone\vendor\compiled.php(10785): Illuminate\Pipeline\Pipeline->Illuminate\Pipeline\{closure}(Object(Illuminate\Http\Request))
#33 C:\Users\Francis\Roaming\FinalCapstone\vendor\compiled.php(8944): Illuminate\Session\Middleware\StartSession->handle(Object(Illuminate\Http\Request), Object(Closure))
#34 C:\Users\Francis\Roaming\FinalCapstone\vendor\compiled.php(11789): Illuminate\Pipeline\Pipeline->Illuminate\Pipeline\{closure}(Object(Illuminate\Http\Request))
#35 C:\Users\Francis\Roaming\FinalCapstone\vendor\compiled.php(8944): Illuminate\Cookie\Middleware\AddQueuedCookiesToResponse->handle(Object(Illuminate\Http\Request), Object(Closure))
#36 C:\Users\Francis\Roaming\FinalCapstone\vendor\compiled.php(11738): Illuminate\Pipeline\Pipeline->Illuminate\Pipeline\{closure}(Object(Illuminate\Http\Request))
#37 C:\Users\Francis\Roaming\FinalCapstone\vendor\compiled.php(8944): Illuminate\Cookie\Middleware\EncryptCookies->handle(Object(Illuminate\Http\Request), Object(Closure))
#38 C:\Users\Francis\Roaming\FinalCapstone\vendor\compiled.php(2478): Illuminate\Pipeline\Pipeline->Illuminate\Pipeline\{closure}(Object(Illuminate\Http\Request))
#39 C:\Users\Francis\Roaming\FinalCapstone\vendor\compiled.php(8944): Illuminate\Foundation\Http\Middleware\CheckForMaintenanceMode->handle(Object(Illuminate\Http\Request), Object(Closure))
#40 [internal function]: Illuminate\Pipeline\Pipeline->Illuminate\Pipeline\{closure}(Object(Illuminate\Http\Request))
#41 C:\Users\Francis\Roaming\FinalCapstone\vendor\compiled.php(8935): call_user_func(Object(Closure), Object(Illuminate\Http\Request))
#42 C:\Users\Francis\Roaming\FinalCapstone\vendor\compiled.php(1891): Illuminate\Pipeline\Pipeline->then(Object(Closure))
#43 C:\Users\Francis\Roaming\FinalCapstone\vendor\compiled.php(1880): Illuminate\Foundation\Http\Kernel->sendRequestThroughRouter(Object(Illuminate\Http\Request))
#44 C:\Users\Francis\Roaming\FinalCapstone\public\index.php(53): Illuminate\Foundation\Http\Kernel->handle(Object(Illuminate\Http\Request))
#45 {main}

Next exception 'ErrorException' with message 'Action App\Http\Controllers\PreferenceController@index not defined. (View: C:\Users\Francis\Roaming\FinalCapstone\resources\views\app.blade.php)' in C:\Users\Francis\Roaming\FinalCapstone\vendor\compiled.php:8658
Stack trace:
#0 C:\Users\Francis\Roaming\FinalCapstone\vendor\compiled.php(13652): Illuminate\View\Engines\CompilerEngine->handleViewException(Object(InvalidArgumentException), 1)
#1 C:\Users\Francis\Roaming\FinalCapstone\vendor\compiled.php(13683): Illuminate\View\Engines\PhpEngine->evaluatePath('C:\\Users\\Franci...', Array)
#2 C:\Users\Francis\Roaming\FinalCapstone\vendor\compiled.php(13523): Illuminate\View\Engines\CompilerEngine->get('C:\\Users\\Franci...', Array)
#3 C:\Users\Francis\Roaming\FinalCapstone\vendor\compiled.php(13510): Illuminate\View\View->getContents()
#4 C:\Users\Francis\Roaming\FinalCapstone\vendor\compiled.php(13501): Illuminate\View\View->renderContents()
#5 C:\Users\Francis\Roaming\FinalCapstone\storage\framework\views\0b1cb0cf3d180ba73177f407d195dbd5(63): Illuminate\View\View->render()
#6 C:\Users\Francis\Roaming\FinalCapstone\vendor\compiled.php(13650): include('C:\\Users\\Franci...')
#7 C:\Users\Francis\Roaming\FinalCapstone\vendor\compiled.php(13683): Illuminate\View\Engines\PhpEngine->evaluatePath('C:\\Users\\Franci...', Array)
#8 C:\Users\Francis\Roaming\FinalCapstone\vendor\compiled.php(13523): Illuminate\View\Engines\CompilerEngine->get('C:\\Users\\Franci...', Array)
#9 C:\Users\Francis\Roaming\FinalCapstone\vendor\compiled.php(13510): Illuminate\View\View->getContents()
#10 C:\Users\Francis\Roaming\FinalCapstone\vendor\compiled.php(13501): Illuminate\View\View->renderContents()
#11 C:\Users\Francis\Roaming\FinalCapstone\vendor\compiled.php(14597): Illuminate\View\View->render()
#12 C:\Users\Francis\Roaming\FinalCapstone\vendor\compiled.php(14126): Illuminate\Http\Response->setContent(Object(Illuminate\View\View))
#13 C:\Users\Francis\Roaming\FinalCapstone\vendor\compiled.php(7154): Symfony\Component\HttpFoundation\Response->__construct(Object(Illuminate\View\View))
#14 C:\Users\Francis\Roaming\FinalCapstone\vendor\compiled.php(6954): Illuminate\Routing\Router->prepareResponse(Object(Illuminate\Http\Request), Object(Illuminate\View\View))
#15 [internal function]: Illuminate\Routing\Router->Illuminate\Routing\{closure}(Object(Illuminate\Http\Request))
#16 C:\Users\Francis\Roaming\FinalCapstone\vendor\compiled.php(8952): call_user_func(Object(Closure), Object(Illuminate\Http\Request))
#17 [internal function]: Illuminate\Pipeline\Pipeline->Illuminate\Pipeline\{closure}(Object(Illuminate\Http\Request))
#18 C:\Users\Francis\Roaming\FinalCapstone\vendor\compiled.php(8935): call_user_func(Object(Closure), Object(Illuminate\Http\Request))
#19 C:\Users\Francis\Roaming\FinalCapstone\vendor\compiled.php(6955): Illuminate\Pipeline\Pipeline->then(Object(Closure))
#20 C:\Users\Francis\Roaming\FinalCapstone\vendor\compiled.php(6944): Illuminate\Routing\Router->runRouteWithinStack(Object(Illuminate\Routing\Route), Object(Illuminate\Http\Request))
#21 C:\Users\Francis\Roaming\FinalCapstone\vendor\compiled.php(6929): Illuminate\Routing\Router->dispatchToRoute(Object(Illuminate\Http\Request))
#22 C:\Users\Francis\Roaming\FinalCapstone\vendor\compiled.php(1935): Illuminate\Routing\Router->dispatch(Object(Illuminate\Http\Request))
#23 [internal function]: Illuminate\Foundation\Http\Kernel->Illuminate\Foundation\Http\{closure}(Object(Illuminate\Http\Request))
#24 C:\Users\Francis\Roaming\FinalCapstone\vendor\compiled.php(8952): call_user_func(Object(Closure), Object(Illuminate\Http\Request))
#25 C:\Users\Francis\Roaming\FinalCapstone\vendor\compiled.php(2438): Illuminate\Pipeline\Pipeline->Illuminate\Pipeline\{closure}(Object(Illuminate\Http\Request))
#26 C:\Users\Francis\Roaming\FinalCapstone\app\Http\Middleware\VerifyCsrfToken.php(17): Illuminate\Foundation\Http\Middleware\VerifyCsrfToken->handle(Object(Illuminate\Http\Request), Object(Closure))
#27 C:\Users\Francis\Roaming\FinalCapstone\vendor\compiled.php(8944): App\Http\Middleware\VerifyCsrfToken->handle(Object(Illuminate\Http\Request), Object(Closure))
#28 C:\Users\Francis\Roaming\FinalCapstone\vendor\compiled.php(12083): Illuminate\Pipeline\Pipeline->Illuminate\Pipeline\{closure}(Object(Illuminate\Http\Request))
#29 C:\Users\Francis\Roaming\FinalCapstone\vendor\compiled.php(8944): Illuminate\View\Middleware\ShareErrorsFromSession->handle(Object(Illuminate\Http\Request), Object(Closure))
#30 C:\Users\Francis\Roaming\FinalCapstone\vendor\compiled.php(10785): Illuminate\Pipeline\Pipeline->Illuminate\Pipeline\{closure}(Object(Illuminate\Http\Request))
#31 C:\Users\Francis\Roaming\FinalCapstone\vendor\compiled.php(8944): Illuminate\Session\Middleware\StartSession->handle(Object(Illuminate\Http\Request), Object(Closure))
#32 C:\Users\Francis\Roaming\FinalCapstone\vendor\compiled.php(11789): Illuminate\Pipeline\Pipeline->Illuminate\Pipeline\{closure}(Object(Illuminate\Http\Request))
#33 C:\Users\Francis\Roaming\FinalCapstone\vendor\compiled.php(8944): Illuminate\Cookie\Middleware\AddQueuedCookiesToResponse->handle(Object(Illuminate\Http\Request), Object(Closure))
#34 C:\Users\Francis\Roaming\FinalCapstone\vendor\compiled.php(11738): Illuminate\Pipeline\Pipeline->Illuminate\Pipeline\{closure}(Object(Illuminate\Http\Request))
#35 C:\Users\Francis\Roaming\FinalCapstone\vendor\compiled.php(8944): Illuminate\Cookie\Middleware\EncryptCookies->handle(Object(Illuminate\Http\Request), Object(Closure))
#36 C:\Users\Francis\Roaming\FinalCapstone\vendor\compiled.php(2478): Illuminate\Pipeline\Pipeline->Illuminate\Pipeline\{closure}(Object(Illuminate\Http\Request))
#37 C:\Users\Francis\Roaming\FinalCapstone\vendor\compiled.php(8944): Illuminate\Foundation\Http\Middleware\CheckForMaintenanceMode->handle(Object(Illuminate\Http\Request), Object(Closure))
#38 [internal function]: Illuminate\Pipeline\Pipeline->Illuminate\Pipeline\{closure}(Object(Illuminate\Http\Request))
#39 C:\Users\Francis\Roaming\FinalCapstone\vendor\compiled.php(8935): call_user_func(Object(Closure), Object(Illuminate\Http\Request))
#40 C:\Users\Francis\Roaming\FinalCapstone\vendor\compiled.php(1891): Illuminate\Pipeline\Pipeline->then(Object(Closure))
#41 C:\Users\Francis\Roaming\FinalCapstone\vendor\compiled.php(1880): Illuminate\Foundation\Http\Kernel->sendRequestThroughRouter(Object(Illuminate\Http\Request))
#42 C:\Users\Francis\Roaming\FinalCapstone\public\index.php(53): Illuminate\Foundation\Http\Kernel->handle(Object(Illuminate\Http\Request))
#43 {main}

Next exception 'ErrorException' with message 'Action App\Http\Controllers\PreferenceController@index not defined. (View: C:\Users\Francis\Roaming\FinalCapstone\resources\views\app.blade.php) (View: C:\Users\Francis\Roaming\FinalCapstone\resources\views\app.blade.php)' in C:\Users\Francis\Roaming\FinalCapstone\vendor\compiled.php:8658
Stack trace:
#0 C:\Users\Francis\Roaming\FinalCapstone\vendor\compiled.php(13652): Illuminate\View\Engines\CompilerEngine->handleViewException(Object(ErrorException), 1)
#1 C:\Users\Francis\Roaming\FinalCapstone\vendor\compiled.php(13683): Illuminate\View\Engines\PhpEngine->evaluatePath('C:\\Users\\Franci...', Array)
#2 C:\Users\Francis\Roaming\FinalCapstone\vendor\compiled.php(13523): Illuminate\View\Engines\CompilerEngine->get('C:\\Users\\Franci...', Array)
#3 C:\Users\Francis\Roaming\FinalCapstone\vendor\compiled.php(13510): Illuminate\View\View->getContents()
#4 C:\Users\Francis\Roaming\FinalCapstone\vendor\compiled.php(13501): Illuminate\View\View->renderContents()
#5 C:\Users\Francis\Roaming\FinalCapstone\vendor\compiled.php(14597): Illuminate\View\View->render()
#6 C:\Users\Francis\Roaming\FinalCapstone\vendor\compiled.php(14126): Illuminate\Http\Response->setContent(Object(Illuminate\View\View))
#7 C:\Users\Francis\Roaming\FinalCapstone\vendor\compiled.php(7154): Symfony\Component\HttpFoundation\Response->__construct(Object(Illuminate\View\View))
#8 C:\Users\Francis\Roaming\FinalCapstone\vendor\compiled.php(6954): Illuminate\Routing\Router->prepareResponse(Object(Illuminate\Http\Request), Object(Illuminate\View\View))
#9 [internal function]: Illuminate\Routing\Router->Illuminate\Routing\{closure}(Object(Illuminate\Http\Request))
#10 C:\Users\Francis\Roaming\FinalCapstone\vendor\compiled.php(8952): call_user_func(Object(Closure), Object(Illuminate\Http\Request))
#11 [internal function]: Illuminate\Pipeline\Pipeline->Illuminate\Pipeline\{closure}(Object(Illuminate\Http\Request))
#12 C:\Users\Francis\Roaming\FinalCapstone\vendor\compiled.php(8935): call_user_func(Object(Closure), Object(Illuminate\Http\Request))
#13 C:\Users\Francis\Roaming\FinalCapstone\vendor\compiled.php(6955): Illuminate\Pipeline\Pipeline->then(Object(Closure))
#14 C:\Users\Francis\Roaming\FinalCapstone\vendor\compiled.php(6944): Illuminate\Routing\Router->runRouteWithinStack(Object(Illuminate\Routing\Route), Object(Illuminate\Http\Request))
#15 C:\Users\Francis\Roaming\FinalCapstone\vendor\compiled.php(6929): Illuminate\Routing\Router->dispatchToRoute(Object(Illuminate\Http\Request))
#16 C:\Users\Francis\Roaming\FinalCapstone\vendor\compiled.php(1935): Illuminate\Routing\Router->dispatch(Object(Illuminate\Http\Request))
#17 [internal function]: Illuminate\Foundation\Http\Kernel->Illuminate\Foundation\Http\{closure}(Object(Illuminate\Http\Request))
#18 C:\Users\Francis\Roaming\FinalCapstone\vendor\compiled.php(8952): call_user_func(Object(Closure), Object(Illuminate\Http\Request))
#19 C:\Users\Francis\Roaming\FinalCapstone\vendor\compiled.php(2438): Illuminate\Pipeline\Pipeline->Illuminate\Pipeline\{closure}(Object(Illuminate\Http\Request))
#20 C:\Users\Francis\Roaming\FinalCapstone\app\Http\Middleware\VerifyCsrfToken.php(17): Illuminate\Foundation\Http\Middleware\VerifyCsrfToken->handle(Object(Illuminate\Http\Request), Object(Closure))
#21 C:\Users\Francis\Roaming\FinalCapstone\vendor\compiled.php(8944): App\Http\Middleware\VerifyCsrfToken->handle(Object(Illuminate\Http\Request), Object(Closure))
#22 C:\Users\Francis\Roaming\FinalCapstone\vendor\compiled.php(12083): Illuminate\Pipeline\Pipeline->Illuminate\Pipeline\{closure}(Object(Illuminate\Http\Request))
#23 C:\Users\Francis\Roaming\FinalCapstone\vendor\compiled.php(8944): Illuminate\View\Middleware\ShareErrorsFromSession->handle(Object(Illuminate\Http\Request), Object(Closure))
#24 C:\Users\Francis\Roaming\FinalCapstone\vendor\compiled.php(10785): Illuminate\Pipeline\Pipeline->Illuminate\Pipeline\{closure}(Object(Illuminate\Http\Request))
#25 C:\Users\Francis\Roaming\FinalCapstone\vendor\compiled.php(8944): Illuminate\Session\Middleware\StartSession->handle(Object(Illuminate\Http\Request), Object(Closure))
#26 C:\Users\Francis\Roaming\FinalCapstone\vendor\compiled.php(11789): Illuminate\Pipeline\Pipeline->Illuminate\Pipeline\{closure}(Object(Illuminate\Http\Request))
#27 C:\Users\Francis\Roaming\FinalCapstone\vendor\compiled.php(8944): Illuminate\Cookie\Middleware\AddQueuedCookiesToResponse->handle(Object(Illuminate\Http\Request), Object(Closure))
#28 C:\Users\Francis\Roaming\FinalCapstone\vendor\compiled.php(11738): Illuminate\Pipeline\Pipeline->Illuminate\Pipeline\{closure}(Object(Illuminate\Http\Request))
#29 C:\Users\Francis\Roaming\FinalCapstone\vendor\compiled.php(8944): Illuminate\Cookie\Middleware\EncryptCookies->handle(Object(Illuminate\Http\Request), Object(Closure))
#30 C:\Users\Francis\Roaming\FinalCapstone\vendor\compiled.php(2478): Illuminate\Pipeline\Pipeline->Illuminate\Pipeline\{closure}(Object(Illuminate\Http\Request))
#31 C:\Users\Francis\Roaming\FinalCapstone\vendor\compiled.php(8944): Illuminate\Foundation\Http\Middleware\CheckForMaintenanceMode->handle(Object(Illuminate\Http\Request), Object(Closure))
#32 [internal function]: Illuminate\Pipeline\Pipeline->Illuminate\Pipeline\{closure}(Object(Illuminate\Http\Request))
#33 C:\Users\Francis\Roaming\FinalCapstone\vendor\compiled.php(8935): call_user_func(Object(Closure), Object(Illuminate\Http\Request))
#34 C:\Users\Francis\Roaming\FinalCapstone\vendor\compiled.php(1891): Illuminate\Pipeline\Pipeline->then(Object(Closure))
#35 C:\Users\Francis\Roaming\FinalCapstone\vendor\compiled.php(1880): Illuminate\Foundation\Http\Kernel->sendRequestThroughRouter(Object(Illuminate\Http\Request))
#36 C:\Users\Francis\Roaming\FinalCapstone\public\index.php(53): Illuminate\Foundation\Http\Kernel->handle(Object(Illuminate\Http\Request))
#37 {main}  
[2017-02-07 14:33:35] local.ERROR: exception 'InvalidArgumentException' with message 'Action App\Http\Controllers\PreferenceController@index not defined.' in C:\Users\Francis\Roaming\FinalCapstone\vendor\compiled.php:8658
Stack trace:
#0 C:\Users\Francis\Roaming\FinalCapstone\vendor\laravel\framework\src\Illuminate\Foundation\helpers.php(35): Illuminate\Routing\UrlGenerator->action('PreferenceContr...', Array)
#1 C:\Users\Francis\Roaming\FinalCapstone\storage\framework\views\50f07351575b33056478648f31179f97(52): action('PreferenceContr...')
#2 C:\Users\Francis\Roaming\FinalCapstone\vendor\compiled.php(13650): include('C:\\Users\\Franci...')
#3 C:\Users\Francis\Roaming\FinalCapstone\vendor\compiled.php(13683): Illuminate\View\Engines\PhpEngine->evaluatePath('C:\\Users\\Franci...', Array)
#4 C:\Users\Francis\Roaming\FinalCapstone\vendor\compiled.php(13523): Illuminate\View\Engines\CompilerEngine->get('C:\\Users\\Franci...', Array)
#5 C:\Users\Francis\Roaming\FinalCapstone\vendor\compiled.php(13510): Illuminate\View\View->getContents()
#6 C:\Users\Francis\Roaming\FinalCapstone\vendor\compiled.php(13501): Illuminate\View\View->renderContents()
#7 C:\Users\Francis\Roaming\FinalCapstone\storage\framework\views\0b1cb0cf3d180ba73177f407d195dbd5(63): Illuminate\View\View->render()
#8 C:\Users\Francis\Roaming\FinalCapstone\vendor\compiled.php(13650): include('C:\\Users\\Franci...')
#9 C:\Users\Francis\Roaming\FinalCapstone\vendor\compiled.php(13683): Illuminate\View\Engines\PhpEngine->evaluatePath('C:\\Users\\Franci...', Array)
#10 C:\Users\Francis\Roaming\FinalCapstone\vendor\compiled.php(13523): Illuminate\View\Engines\CompilerEngine->get('C:\\Users\\Franci...', Array)
#11 C:\Users\Francis\Roaming\FinalCapstone\vendor\compiled.php(13510): Illuminate\View\View->getContents()
#12 C:\Users\Francis\Roaming\FinalCapstone\vendor\compiled.php(13501): Illuminate\View\View->renderContents()
#13 C:\Users\Francis\Roaming\FinalCapstone\vendor\compiled.php(14597): Illuminate\View\View->render()
#14 C:\Users\Francis\Roaming\FinalCapstone\vendor\compiled.php(14126): Illuminate\Http\Response->setContent(Object(Illuminate\View\View))
#15 C:\Users\Francis\Roaming\FinalCapstone\vendor\compiled.php(7154): Symfony\Component\HttpFoundation\Response->__construct(Object(Illuminate\View\View))
#16 C:\Users\Francis\Roaming\FinalCapstone\vendor\compiled.php(6954): Illuminate\Routing\Router->prepareResponse(Object(Illuminate\Http\Request), Object(Illuminate\View\View))
#17 [internal function]: Illuminate\Routing\Router->Illuminate\Routing\{closure}(Object(Illuminate\Http\Request))
#18 C:\Users\Francis\Roaming\FinalCapstone\vendor\compiled.php(8952): call_user_func(Object(Closure), Object(Illuminate\Http\Request))
#19 [internal function]: Illuminate\Pipeline\Pipeline->Illuminate\Pipeline\{closure}(Object(Illuminate\Http\Request))
#20 C:\Users\Francis\Roaming\FinalCapstone\vendor\compiled.php(8935): call_user_func(Object(Closure), Object(Illuminate\Http\Request))
#21 C:\Users\Francis\Roaming\FinalCapstone\vendor\compiled.php(6955): Illuminate\Pipeline\Pipeline->then(Object(Closure))
#22 C:\Users\Francis\Roaming\FinalCapstone\vendor\compiled.php(6944): Illuminate\Routing\Router->runRouteWithinStack(Object(Illuminate\Routing\Route), Object(Illuminate\Http\Request))
#23 C:\Users\Francis\Roaming\FinalCapstone\vendor\compiled.php(6929): Illuminate\Routing\Router->dispatchToRoute(Object(Illuminate\Http\Request))
#24 C:\Users\Francis\Roaming\FinalCapstone\vendor\compiled.php(1935): Illuminate\Routing\Router->dispatch(Object(Illuminate\Http\Request))
#25 [internal function]: Illuminate\Foundation\Http\Kernel->Illuminate\Foundation\Http\{closure}(Object(Illuminate\Http\Request))
#26 C:\Users\Francis\Roaming\FinalCapstone\vendor\compiled.php(8952): call_user_func(Object(Closure), Object(Illuminate\Http\Request))
#27 C:\Users\Francis\Roaming\FinalCapstone\vendor\compiled.php(2438): Illuminate\Pipeline\Pipeline->Illuminate\Pipeline\{closure}(Object(Illuminate\Http\Request))
#28 C:\Users\Francis\Roaming\FinalCapstone\app\Http\Middleware\VerifyCsrfToken.php(17): Illuminate\Foundation\Http\Middleware\VerifyCsrfToken->handle(Object(Illuminate\Http\Request), Object(Closure))
#29 C:\Users\Francis\Roaming\FinalCapstone\vendor\compiled.php(8944): App\Http\Middleware\VerifyCsrfToken->handle(Object(Illuminate\Http\Request), Object(Closure))
#30 C:\Users\Francis\Roaming\FinalCapstone\vendor\compiled.php(12083): Illuminate\Pipeline\Pipeline->Illuminate\Pipeline\{closure}(Object(Illuminate\Http\Request))
#31 C:\Users\Francis\Roaming\FinalCapstone\vendor\compiled.php(8944): Illuminate\View\Middleware\ShareErrorsFromSession->handle(Object(Illuminate\Http\Request), Object(Closure))
#32 C:\Users\Francis\Roaming\FinalCapstone\vendor\compiled.php(10785): Illuminate\Pipeline\Pipeline->Illuminate\Pipeline\{closure}(Object(Illuminate\Http\Request))
#33 C:\Users\Francis\Roaming\FinalCapstone\vendor\compiled.php(8944): Illuminate\Session\Middleware\StartSession->handle(Object(Illuminate\Http\Request), Object(Closure))
#34 C:\Users\Francis\Roaming\FinalCapstone\vendor\compiled.php(11789): Illuminate\Pipeline\Pipeline->Illuminate\Pipeline\{closure}(Object(Illuminate\Http\Request))
#35 C:\Users\Francis\Roaming\FinalCapstone\vendor\compiled.php(8944): Illuminate\Cookie\Middleware\AddQueuedCookiesToResponse->handle(Object(Illuminate\Http\Request), Object(Closure))
#36 C:\Users\Francis\Roaming\FinalCapstone\vendor\compiled.php(11738): Illuminate\Pipeline\Pipeline->Illuminate\Pipeline\{closure}(Object(Illuminate\Http\Request))
#37 C:\Users\Francis\Roaming\FinalCapstone\vendor\compiled.php(8944): Illuminate\Cookie\Middleware\EncryptCookies->handle(Object(Illuminate\Http\Request), Object(Closure))
#38 C:\Users\Francis\Roaming\FinalCapstone\vendor\compiled.php(2478): Illuminate\Pipeline\Pipeline->Illuminate\Pipeline\{closure}(Object(Illuminate\Http\Request))
#39 C:\Users\Francis\Roaming\FinalCapstone\vendor\compiled.php(8944): Illuminate\Foundation\Http\Middleware\CheckForMaintenanceMode->handle(Object(Illuminate\Http\Request), Object(Closure))
#40 [internal function]: Illuminate\Pipeline\Pipeline->Illuminate\Pipeline\{closure}(Object(Illuminate\Http\Request))
#41 C:\Users\Francis\Roaming\FinalCapstone\vendor\compiled.php(8935): call_user_func(Object(Closure), Object(Illuminate\Http\Request))
#42 C:\Users\Francis\Roaming\FinalCapstone\vendor\compiled.php(1891): Illuminate\Pipeline\Pipeline->then(Object(Closure))
#43 C:\Users\Francis\Roaming\FinalCapstone\vendor\compiled.php(1880): Illuminate\Foundation\Http\Kernel->sendRequestThroughRouter(Object(Illuminate\Http\Request))
#44 C:\Users\Francis\Roaming\FinalCapstone\public\index.php(53): Illuminate\Foundation\Http\Kernel->handle(Object(Illuminate\Http\Request))
#45 {main}

Next exception 'ErrorException' with message 'Action App\Http\Controllers\PreferenceController@index not defined. (View: C:\Users\Francis\Roaming\FinalCapstone\resources\views\app.blade.php)' in C:\Users\Francis\Roaming\FinalCapstone\vendor\compiled.php:8658
Stack trace:
#0 C:\Users\Francis\Roaming\FinalCapstone\vendor\compiled.php(13652): Illuminate\View\Engines\CompilerEngine->handleViewException(Object(InvalidArgumentException), 1)
#1 C:\Users\Francis\Roaming\FinalCapstone\vendor\compiled.php(13683): Illuminate\View\Engines\PhpEngine->evaluatePath('C:\\Users\\Franci...', Array)
#2 C:\Users\Francis\Roaming\FinalCapstone\vendor\compiled.php(13523): Illuminate\View\Engines\CompilerEngine->get('C:\\Users\\Franci...', Array)
#3 C:\Users\Francis\Roaming\FinalCapstone\vendor\compiled.php(13510): Illuminate\View\View->getContents()
#4 C:\Users\Francis\Roaming\FinalCapstone\vendor\compiled.php(13501): Illuminate\View\View->renderContents()
#5 C:\Users\Francis\Roaming\FinalCapstone\storage\framework\views\0b1cb0cf3d180ba73177f407d195dbd5(63): Illuminate\View\View->render()
#6 C:\Users\Francis\Roaming\FinalCapstone\vendor\compiled.php(13650): include('C:\\Users\\Franci...')
#7 C:\Users\Francis\Roaming\FinalCapstone\vendor\compiled.php(13683): Illuminate\View\Engines\PhpEngine->evaluatePath('C:\\Users\\Franci...', Array)
#8 C:\Users\Francis\Roaming\FinalCapstone\vendor\compiled.php(13523): Illuminate\View\Engines\CompilerEngine->get('C:\\Users\\Franci...', Array)
#9 C:\Users\Francis\Roaming\FinalCapstone\vendor\compiled.php(13510): Illuminate\View\View->getContents()
#10 C:\Users\Francis\Roaming\FinalCapstone\vendor\compiled.php(13501): Illuminate\View\View->renderContents()
#11 C:\Users\Francis\Roaming\FinalCapstone\vendor\compiled.php(14597): Illuminate\View\View->render()
#12 C:\Users\Francis\Roaming\FinalCapstone\vendor\compiled.php(14126): Illuminate\Http\Response->setContent(Object(Illuminate\View\View))
#13 C:\Users\Francis\Roaming\FinalCapstone\vendor\compiled.php(7154): Symfony\Component\HttpFoundation\Response->__construct(Object(Illuminate\View\View))
#14 C:\Users\Francis\Roaming\FinalCapstone\vendor\compiled.php(6954): Illuminate\Routing\Router->prepareResponse(Object(Illuminate\Http\Request), Object(Illuminate\View\View))
#15 [internal function]: Illuminate\Routing\Router->Illuminate\Routing\{closure}(Object(Illuminate\Http\Request))
#16 C:\Users\Francis\Roaming\FinalCapstone\vendor\compiled.php(8952): call_user_func(Object(Closure), Object(Illuminate\Http\Request))
#17 [internal function]: Illuminate\Pipeline\Pipeline->Illuminate\Pipeline\{closure}(Object(Illuminate\Http\Request))
#18 C:\Users\Francis\Roaming\FinalCapstone\vendor\compiled.php(8935): call_user_func(Object(Closure), Object(Illuminate\Http\Request))
#19 C:\Users\Francis\Roaming\FinalCapstone\vendor\compiled.php(6955): Illuminate\Pipeline\Pipeline->then(Object(Closure))
#20 C:\Users\Francis\Roaming\FinalCapstone\vendor\compiled.php(6944): Illuminate\Routing\Router->runRouteWithinStack(Object(Illuminate\Routing\Route), Object(Illuminate\Http\Request))
#21 C:\Users\Francis\Roaming\FinalCapstone\vendor\compiled.php(6929): Illuminate\Routing\Router->dispatchToRoute(Object(Illuminate\Http\Request))
#22 C:\Users\Francis\Roaming\FinalCapstone\vendor\compiled.php(1935): Illuminate\Routing\Router->dispatch(Object(Illuminate\Http\Request))
#23 [internal function]: Illuminate\Foundation\Http\Kernel->Illuminate\Foundation\Http\{closure}(Object(Illuminate\Http\Request))
#24 C:\Users\Francis\Roaming\FinalCapstone\vendor\compiled.php(8952): call_user_func(Object(Closure), Object(Illuminate\Http\Request))
#25 C:\Users\Francis\Roaming\FinalCapstone\vendor\compiled.php(2438): Illuminate\Pipeline\Pipeline->Illuminate\Pipeline\{closure}(Object(Illuminate\Http\Request))
#26 C:\Users\Francis\Roaming\FinalCapstone\app\Http\Middleware\VerifyCsrfToken.php(17): Illuminate\Foundation\Http\Middleware\VerifyCsrfToken->handle(Object(Illuminate\Http\Request), Object(Closure))
#27 C:\Users\Francis\Roaming\FinalCapstone\vendor\compiled.php(8944): App\Http\Middleware\VerifyCsrfToken->handle(Object(Illuminate\Http\Request), Object(Closure))
#28 C:\Users\Francis\Roaming\FinalCapstone\vendor\compiled.php(12083): Illuminate\Pipeline\Pipeline->Illuminate\Pipeline\{closure}(Object(Illuminate\Http\Request))
#29 C:\Users\Francis\Roaming\FinalCapstone\vendor\compiled.php(8944): Illuminate\View\Middleware\ShareErrorsFromSession->handle(Object(Illuminate\Http\Request), Object(Closure))
#30 C:\Users\Francis\Roaming\FinalCapstone\vendor\compiled.php(10785): Illuminate\Pipeline\Pipeline->Illuminate\Pipeline\{closure}(Object(Illuminate\Http\Request))
#31 C:\Users\Francis\Roaming\FinalCapstone\vendor\compiled.php(8944): Illuminate\Session\Middleware\StartSession->handle(Object(Illuminate\Http\Request), Object(Closure))
#32 C:\Users\Francis\Roaming\FinalCapstone\vendor\compiled.php(11789): Illuminate\Pipeline\Pipeline->Illuminate\Pipeline\{closure}(Object(Illuminate\Http\Request))
#33 C:\Users\Francis\Roaming\FinalCapstone\vendor\compiled.php(8944): Illuminate\Cookie\Middleware\AddQueuedCookiesToResponse->handle(Object(Illuminate\Http\Request), Object(Closure))
#34 C:\Users\Francis\Roaming\FinalCapstone\vendor\compiled.php(11738): Illuminate\Pipeline\Pipeline->Illuminate\Pipeline\{closure}(Object(Illuminate\Http\Request))
#35 C:\Users\Francis\Roaming\FinalCapstone\vendor\compiled.php(8944): Illuminate\Cookie\Middleware\EncryptCookies->handle(Object(Illuminate\Http\Request), Object(Closure))
#36 C:\Users\Francis\Roaming\FinalCapstone\vendor\compiled.php(2478): Illuminate\Pipeline\Pipeline->Illuminate\Pipeline\{closure}(Object(Illuminate\Http\Request))
#37 C:\Users\Francis\Roaming\FinalCapstone\vendor\compiled.php(8944): Illuminate\Foundation\Http\Middleware\CheckForMaintenanceMode->handle(Object(Illuminate\Http\Request), Object(Closure))
#38 [internal function]: Illuminate\Pipeline\Pipeline->Illuminate\Pipeline\{closure}(Object(Illuminate\Http\Request))
#39 C:\Users\Francis\Roaming\FinalCapstone\vendor\compiled.php(8935): call_user_func(Object(Closure), Object(Illuminate\Http\Request))
#40 C:\Users\Francis\Roaming\FinalCapstone\vendor\compiled.php(1891): Illuminate\Pipeline\Pipeline->then(Object(Closure))
#41 C:\Users\Francis\Roaming\FinalCapstone\vendor\compiled.php(1880): Illuminate\Foundation\Http\Kernel->sendRequestThroughRouter(Object(Illuminate\Http\Request))
#42 C:\Users\Francis\Roaming\FinalCapstone\public\index.php(53): Illuminate\Foundation\Http\Kernel->handle(Object(Illuminate\Http\Request))
#43 {main}

Next exception 'ErrorException' with message 'Action App\Http\Controllers\PreferenceController@index not defined. (View: C:\Users\Francis\Roaming\FinalCapstone\resources\views\app.blade.php) (View: C:\Users\Francis\Roaming\FinalCapstone\resources\views\app.blade.php)' in C:\Users\Francis\Roaming\FinalCapstone\vendor\compiled.php:8658
Stack trace:
#0 C:\Users\Francis\Roaming\FinalCapstone\vendor\compiled.php(13652): Illuminate\View\Engines\CompilerEngine->handleViewException(Object(ErrorException), 1)
#1 C:\Users\Francis\Roaming\FinalCapstone\vendor\compiled.php(13683): Illuminate\View\Engines\PhpEngine->evaluatePath('C:\\Users\\Franci...', Array)
#2 C:\Users\Francis\Roaming\FinalCapstone\vendor\compiled.php(13523): Illuminate\View\Engines\CompilerEngine->get('C:\\Users\\Franci...', Array)
#3 C:\Users\Francis\Roaming\FinalCapstone\vendor\compiled.php(13510): Illuminate\View\View->getContents()
#4 C:\Users\Francis\Roaming\FinalCapstone\vendor\compiled.php(13501): Illuminate\View\View->renderContents()
#5 C:\Users\Francis\Roaming\FinalCapstone\vendor\compiled.php(14597): Illuminate\View\View->render()
#6 C:\Users\Francis\Roaming\FinalCapstone\vendor\compiled.php(14126): Illuminate\Http\Response->setContent(Object(Illuminate\View\View))
#7 C:\Users\Francis\Roaming\FinalCapstone\vendor\compiled.php(7154): Symfony\Component\HttpFoundation\Response->__construct(Object(Illuminate\View\View))
#8 C:\Users\Francis\Roaming\FinalCapstone\vendor\compiled.php(6954): Illuminate\Routing\Router->prepareResponse(Object(Illuminate\Http\Request), Object(Illuminate\View\View))
#9 [internal function]: Illuminate\Routing\Router->Illuminate\Routing\{closure}(Object(Illuminate\Http\Request))
#10 C:\Users\Francis\Roaming\FinalCapstone\vendor\compiled.php(8952): call_user_func(Object(Closure), Object(Illuminate\Http\Request))
#11 [internal function]: Illuminate\Pipeline\Pipeline->Illuminate\Pipeline\{closure}(Object(Illuminate\Http\Request))
#12 C:\Users\Francis\Roaming\FinalCapstone\vendor\compiled.php(8935): call_user_func(Object(Closure), Object(Illuminate\Http\Request))
#13 C:\Users\Francis\Roaming\FinalCapstone\vendor\compiled.php(6955): Illuminate\Pipeline\Pipeline->then(Object(Closure))
#14 C:\Users\Francis\Roaming\FinalCapstone\vendor\compiled.php(6944): Illuminate\Routing\Router->runRouteWithinStack(Object(Illuminate\Routing\Route), Object(Illuminate\Http\Request))
#15 C:\Users\Francis\Roaming\FinalCapstone\vendor\compiled.php(6929): Illuminate\Routing\Router->dispatchToRoute(Object(Illuminate\Http\Request))
#16 C:\Users\Francis\Roaming\FinalCapstone\vendor\compiled.php(1935): Illuminate\Routing\Router->dispatch(Object(Illuminate\Http\Request))
#17 [internal function]: Illuminate\Foundation\Http\Kernel->Illuminate\Foundation\Http\{closure}(Object(Illuminate\Http\Request))
#18 C:\Users\Francis\Roaming\FinalCapstone\vendor\compiled.php(8952): call_user_func(Object(Closure), Object(Illuminate\Http\Request))
#19 C:\Users\Francis\Roaming\FinalCapstone\vendor\compiled.php(2438): Illuminate\Pipeline\Pipeline->Illuminate\Pipeline\{closure}(Object(Illuminate\Http\Request))
#20 C:\Users\Francis\Roaming\FinalCapstone\app\Http\Middleware\VerifyCsrfToken.php(17): Illuminate\Foundation\Http\Middleware\VerifyCsrfToken->handle(Object(Illuminate\Http\Request), Object(Closure))
#21 C:\Users\Francis\Roaming\FinalCapstone\vendor\compiled.php(8944): App\Http\Middleware\VerifyCsrfToken->handle(Object(Illuminate\Http\Request), Object(Closure))
#22 C:\Users\Francis\Roaming\FinalCapstone\vendor\compiled.php(12083): Illuminate\Pipeline\Pipeline->Illuminate\Pipeline\{closure}(Object(Illuminate\Http\Request))
#23 C:\Users\Francis\Roaming\FinalCapstone\vendor\compiled.php(8944): Illuminate\View\Middleware\ShareErrorsFromSession->handle(Object(Illuminate\Http\Request), Object(Closure))
#24 C:\Users\Francis\Roaming\FinalCapstone\vendor\compiled.php(10785): Illuminate\Pipeline\Pipeline->Illuminate\Pipeline\{closure}(Object(Illuminate\Http\Request))
#25 C:\Users\Francis\Roaming\FinalCapstone\vendor\compiled.php(8944): Illuminate\Session\Middleware\StartSession->handle(Object(Illuminate\Http\Request), Object(Closure))
#26 C:\Users\Francis\Roaming\FinalCapstone\vendor\compiled.php(11789): Illuminate\Pipeline\Pipeline->Illuminate\Pipeline\{closure}(Object(Illuminate\Http\Request))
#27 C:\Users\Francis\Roaming\FinalCapstone\vendor\compiled.php(8944): Illuminate\Cookie\Middleware\AddQueuedCookiesToResponse->handle(Object(Illuminate\Http\Request), Object(Closure))
#28 C:\Users\Francis\Roaming\FinalCapstone\vendor\compiled.php(11738): Illuminate\Pipeline\Pipeline->Illuminate\Pipeline\{closure}(Object(Illuminate\Http\Request))
#29 C:\Users\Francis\Roaming\FinalCapstone\vendor\compiled.php(8944): Illuminate\Cookie\Middleware\EncryptCookies->handle(Object(Illuminate\Http\Request), Object(Closure))
#30 C:\Users\Francis\Roaming\FinalCapstone\vendor\compiled.php(2478): Illuminate\Pipeline\Pipeline->Illuminate\Pipeline\{closure}(Object(Illuminate\Http\Request))
#31 C:\Users\Francis\Roaming\FinalCapstone\vendor\compiled.php(8944): Illuminate\Foundation\Http\Middleware\CheckForMaintenanceMode->handle(Object(Illuminate\Http\Request), Object(Closure))
#32 [internal function]: Illuminate\Pipeline\Pipeline->Illuminate\Pipeline\{closure}(Object(Illuminate\Http\Request))
#33 C:\Users\Francis\Roaming\FinalCapstone\vendor\compiled.php(8935): call_user_func(Object(Closure), Object(Illuminate\Http\Request))
#34 C:\Users\Francis\Roaming\FinalCapstone\vendor\compiled.php(1891): Illuminate\Pipeline\Pipeline->then(Object(Closure))
#35 C:\Users\Francis\Roaming\FinalCapstone\vendor\compiled.php(1880): Illuminate\Foundation\Http\Kernel->sendRequestThroughRouter(Object(Illuminate\Http\Request))
#36 C:\Users\Francis\Roaming\FinalCapstone\public\index.php(53): Illuminate\Foundation\Http\Kernel->handle(Object(Illuminate\Http\Request))
#37 {main}  
[2017-02-07 16:19:43] local.ERROR: exception 'Symfony\Component\Debug\Exception\FatalErrorException' with message 'Class 'App\Http\Controllers\DOMDocument' not found' in C:\Users\Francis\Roaming\FinalCapstone\app\Http\Controllers\MapController.php:67
Stack trace:
#0 {main}  
[2017-02-07 16:20:15] local.ERROR: exception 'Symfony\Component\Debug\Exception\FatalErrorException' with message 'Class 'App\Http\Controllers\DOMDocument' not found' in C:\Users\Francis\Roaming\FinalCapstone\app\Http\Controllers\MapController.php:68
Stack trace:
#0 {main}  
[2017-02-07 16:21:38] local.ERROR: exception 'Symfony\Component\Debug\Exception\FatalErrorException' with message 'syntax error, unexpected 'new' (T_NEW)' in C:\Users\Francis\Roaming\FinalCapstone\app\Http\Controllers\MapController.php:68
Stack trace:
#0 {main}  
[2017-02-07 17:33:50] local.ERROR: exception 'ErrorException' with message 'Use of undefined constant markers - assumed 'markers'' in C:\Users\Francis\Roaming\FinalCapstone\storage\framework\views\7c48c0c3335ec7782ab3ebe305796673:41
Stack trace:
#0 C:\Users\Francis\Roaming\FinalCapstone\storage\framework\views\7c48c0c3335ec7782ab3ebe305796673(41): Illuminate\Foundation\Bootstrap\HandleExceptions->handleError(8, 'Use of undefine...', 'C:\\Users\\Franci...', 41, Array)
#1 C:\Users\Francis\Roaming\FinalCapstone\vendor\compiled.php(13650): include('C:\\Users\\Franci...')
#2 C:\Users\Francis\Roaming\FinalCapstone\vendor\compiled.php(13683): Illuminate\View\Engines\PhpEngine->evaluatePath('C:\\Users\\Franci...', Array)
#3 C:\Users\Francis\Roaming\FinalCapstone\vendor\compiled.php(13523): Illuminate\View\Engines\CompilerEngine->get('C:\\Users\\Franci...', Array)
#4 C:\Users\Francis\Roaming\FinalCapstone\vendor\compiled.php(13510): Illuminate\View\View->getContents()
#5 C:\Users\Francis\Roaming\FinalCapstone\vendor\compiled.php(13501): Illuminate\View\View->renderContents()
#6 C:\Users\Francis\Roaming\FinalCapstone\vendor\compiled.php(14597): Illuminate\View\View->render()
#7 C:\Users\Francis\Roaming\FinalCapstone\vendor\compiled.php(14126): Illuminate\Http\Response->setContent(Object(Illuminate\View\View))
#8 C:\Users\Francis\Roaming\FinalCapstone\vendor\compiled.php(7154): Symfony\Component\HttpFoundation\Response->__construct(Object(Illuminate\View\View))
#9 C:\Users\Francis\Roaming\FinalCapstone\vendor\compiled.php(6954): Illuminate\Routing\Router->prepareResponse(Object(Illuminate\Http\Request), Object(Illuminate\View\View))
#10 [internal function]: Illuminate\Routing\Router->Illuminate\Routing\{closure}(Object(Illuminate\Http\Request))
#11 C:\Users\Francis\Roaming\FinalCapstone\vendor\compiled.php(8952): call_user_func(Object(Closure), Object(Illuminate\Http\Request))
#12 [internal function]: Illuminate\Pipeline\Pipeline->Illuminate\Pipeline\{closure}(Object(Illuminate\Http\Request))
#13 C:\Users\Francis\Roaming\FinalCapstone\vendor\compiled.php(8935): call_user_func(Object(Closure), Object(Illuminate\Http\Request))
#14 C:\Users\Francis\Roaming\FinalCapstone\vendor\compiled.php(6955): Illuminate\Pipeline\Pipeline->then(Object(Closure))
#15 C:\Users\Francis\Roaming\FinalCapstone\vendor\compiled.php(6944): Illuminate\Routing\Router->runRouteWithinStack(Object(Illuminate\Routing\Route), Object(Illuminate\Http\Request))
#16 C:\Users\Francis\Roaming\FinalCapstone\vendor\compiled.php(6929): Illuminate\Routing\Router->dispatchToRoute(Object(Illuminate\Http\Request))
#17 C:\Users\Francis\Roaming\FinalCapstone\vendor\compiled.php(1935): Illuminate\Routing\Router->dispatch(Object(Illuminate\Http\Request))
#18 [internal function]: Illuminate\Foundation\Http\Kernel->Illuminate\Foundation\Http\{closure}(Object(Illuminate\Http\Request))
#19 C:\Users\Francis\Roaming\FinalCapstone\vendor\compiled.php(8952): call_user_func(Object(Closure), Object(Illuminate\Http\Request))
#20 C:\Users\Francis\Roaming\FinalCapstone\vendor\compiled.php(2438): Illuminate\Pipeline\Pipeline->Illuminate\Pipeline\{closure}(Object(Illuminate\Http\Request))
#21 C:\Users\Francis\Roaming\FinalCapstone\app\Http\Middleware\VerifyCsrfToken.php(17): Illuminate\Foundation\Http\Middleware\VerifyCsrfToken->handle(Object(Illuminate\Http\Request), Object(Closure))
#22 C:\Users\Francis\Roaming\FinalCapstone\vendor\compiled.php(8944): App\Http\Middleware\VerifyCsrfToken->handle(Object(Illuminate\Http\Request), Object(Closure))
#23 C:\Users\Francis\Roaming\FinalCapstone\vendor\compiled.php(12083): Illuminate\Pipeline\Pipeline->Illuminate\Pipeline\{closure}(Object(Illuminate\Http\Request))
#24 C:\Users\Francis\Roaming\FinalCapstone\vendor\compiled.php(8944): Illuminate\View\Middleware\ShareErrorsFromSession->handle(Object(Illuminate\Http\Request), Object(Closure))
#25 C:\Users\Francis\Roaming\FinalCapstone\vendor\compiled.php(10785): Illuminate\Pipeline\Pipeline->Illuminate\Pipeline\{closure}(Object(Illuminate\Http\Request))
#26 C:\Users\Francis\Roaming\FinalCapstone\vendor\compiled.php(8944): Illuminate\Session\Middleware\StartSession->handle(Object(Illuminate\Http\Request), Object(Closure))
#27 C:\Users\Francis\Roaming\FinalCapstone\vendor\compiled.php(11789): Illuminate\Pipeline\Pipeline->Illuminate\Pipeline\{closure}(Object(Illuminate\Http\Request))
#28 C:\Users\Francis\Roaming\FinalCapstone\vendor\compiled.php(8944): Illuminate\Cookie\Middleware\AddQueuedCookiesToResponse->handle(Object(Illuminate\Http\Request), Object(Closure))
#29 C:\Users\Francis\Roaming\FinalCapstone\vendor\compiled.php(11738): Illuminate\Pipeline\Pipeline->Illuminate\Pipeline\{closure}(Object(Illuminate\Http\Request))
#30 C:\Users\Francis\Roaming\FinalCapstone\vendor\compiled.php(8944): Illuminate\Cookie\Middleware\EncryptCookies->handle(Object(Illuminate\Http\Request), Object(Closure))
#31 C:\Users\Francis\Roaming\FinalCapstone\vendor\compiled.php(2478): Illuminate\Pipeline\Pipeline->Illuminate\Pipeline\{closure}(Object(Illuminate\Http\Request))
#32 C:\Users\Francis\Roaming\FinalCapstone\vendor\compiled.php(8944): Illuminate\Foundation\Http\Middleware\CheckForMaintenanceMode->handle(Object(Illuminate\Http\Request), Object(Closure))
#33 [internal function]: Illuminate\Pipeline\Pipeline->Illuminate\Pipeline\{closure}(Object(Illuminate\Http\Request))
#34 C:\Users\Francis\Roaming\FinalCapstone\vendor\compiled.php(8935): call_user_func(Object(Closure), Object(Illuminate\Http\Request))
#35 C:\Users\Francis\Roaming\FinalCapstone\vendor\compiled.php(1891): Illuminate\Pipeline\Pipeline->then(Object(Closure))
#36 C:\Users\Francis\Roaming\FinalCapstone\vendor\compiled.php(1880): Illuminate\Foundation\Http\Kernel->sendRequestThroughRouter(Object(Illuminate\Http\Request))
#37 C:\Users\Francis\Roaming\FinalCapstone\public\index.php(53): Illuminate\Foundation\Http\Kernel->handle(Object(Illuminate\Http\Request))
#38 {main}

Next exception 'ErrorException' with message 'Use of undefined constant markers - assumed 'markers' (View: C:\Users\Francis\Roaming\FinalCapstone\resources\views\map.blade.php)' in C:\Users\Francis\Roaming\FinalCapstone\storage\framework\views\7c48c0c3335ec7782ab3ebe305796673:41
Stack trace:
#0 C:\Users\Francis\Roaming\FinalCapstone\vendor\compiled.php(13652): Illuminate\View\Engines\CompilerEngine->handleViewException(Object(ErrorException), 1)
#1 C:\Users\Francis\Roaming\FinalCapstone\vendor\compiled.php(13683): Illuminate\View\Engines\PhpEngine->evaluatePath('C:\\Users\\Franci...', Array)
#2 C:\Users\Francis\Roaming\FinalCapstone\vendor\compiled.php(13523): Illuminate\View\Engines\CompilerEngine->get('C:\\Users\\Franci...', Array)
#3 C:\Users\Francis\Roaming\FinalCapstone\vendor\compiled.php(13510): Illuminate\View\View->getContents()
#4 C:\Users\Francis\Roaming\FinalCapstone\vendor\compiled.php(13501): Illuminate\View\View->renderContents()
#5 C:\Users\Francis\Roaming\FinalCapstone\vendor\compiled.php(14597): Illuminate\View\View->render()
#6 C:\Users\Francis\Roaming\FinalCapstone\vendor\compiled.php(14126): Illuminate\Http\Response->setContent(Object(Illuminate\View\View))
#7 C:\Users\Francis\Roaming\FinalCapstone\vendor\compiled.php(7154): Symfony\Component\HttpFoundation\Response->__construct(Object(Illuminate\View\View))
#8 C:\Users\Francis\Roaming\FinalCapstone\vendor\compiled.php(6954): Illuminate\Routing\Router->prepareResponse(Object(Illuminate\Http\Request), Object(Illuminate\View\View))
#9 [internal function]: Illuminate\Routing\Router->Illuminate\Routing\{closure}(Object(Illuminate\Http\Request))
#10 C:\Users\Francis\Roaming\FinalCapstone\vendor\compiled.php(8952): call_user_func(Object(Closure), Object(Illuminate\Http\Request))
#11 [internal function]: Illuminate\Pipeline\Pipeline->Illuminate\Pipeline\{closure}(Object(Illuminate\Http\Request))
#12 C:\Users\Francis\Roaming\FinalCapstone\vendor\compiled.php(8935): call_user_func(Object(Closure), Object(Illuminate\Http\Request))
#13 C:\Users\Francis\Roaming\FinalCapstone\vendor\compiled.php(6955): Illuminate\Pipeline\Pipeline->then(Object(Closure))
#14 C:\Users\Francis\Roaming\FinalCapstone\vendor\compiled.php(6944): Illuminate\Routing\Router->runRouteWithinStack(Object(Illuminate\Routing\Route), Object(Illuminate\Http\Request))
#15 C:\Users\Francis\Roaming\FinalCapstone\vendor\compiled.php(6929): Illuminate\Routing\Router->dispatchToRoute(Object(Illuminate\Http\Request))
#16 C:\Users\Francis\Roaming\FinalCapstone\vendor\compiled.php(1935): Illuminate\Routing\Router->dispatch(Object(Illuminate\Http\Request))
#17 [internal function]: Illuminate\Foundation\Http\Kernel->Illuminate\Foundation\Http\{closure}(Object(Illuminate\Http\Request))
#18 C:\Users\Francis\Roaming\FinalCapstone\vendor\compiled.php(8952): call_user_func(Object(Closure), Object(Illuminate\Http\Request))
#19 C:\Users\Francis\Roaming\FinalCapstone\vendor\compiled.php(2438): Illuminate\Pipeline\Pipeline->Illuminate\Pipeline\{closure}(Object(Illuminate\Http\Request))
#20 C:\Users\Francis\Roaming\FinalCapstone\app\Http\Middleware\VerifyCsrfToken.php(17): Illuminate\Foundation\Http\Middleware\VerifyCsrfToken->handle(Object(Illuminate\Http\Request), Object(Closure))
#21 C:\Users\Francis\Roaming\FinalCapstone\vendor\compiled.php(8944): App\Http\Middleware\VerifyCsrfToken->handle(Object(Illuminate\Http\Request), Object(Closure))
#22 C:\Users\Francis\Roaming\FinalCapstone\vendor\compiled.php(12083): Illuminate\Pipeline\Pipeline->Illuminate\Pipeline\{closure}(Object(Illuminate\Http\Request))
#23 C:\Users\Francis\Roaming\FinalCapstone\vendor\compiled.php(8944): Illuminate\View\Middleware\ShareErrorsFromSession->handle(Object(Illuminate\Http\Request), Object(Closure))
#24 C:\Users\Francis\Roaming\FinalCapstone\vendor\compiled.php(10785): Illuminate\Pipeline\Pipeline->Illuminate\Pipeline\{closure}(Object(Illuminate\Http\Request))
#25 C:\Users\Francis\Roaming\FinalCapstone\vendor\compiled.php(8944): Illuminate\Session\Middleware\StartSession->handle(Object(Illuminate\Http\Request), Object(Closure))
#26 C:\Users\Francis\Roaming\FinalCapstone\vendor\compiled.php(11789): Illuminate\Pipeline\Pipeline->Illuminate\Pipeline\{closure}(Object(Illuminate\Http\Request))
#27 C:\Users\Francis\Roaming\FinalCapstone\vendor\compiled.php(8944): Illuminate\Cookie\Middleware\AddQueuedCookiesToResponse->handle(Object(Illuminate\Http\Request), Object(Closure))
#28 C:\Users\Francis\Roaming\FinalCapstone\vendor\compiled.php(11738): Illuminate\Pipeline\Pipeline->Illuminate\Pipeline\{closure}(Object(Illuminate\Http\Request))
#29 C:\Users\Francis\Roaming\FinalCapstone\vendor\compiled.php(8944): Illuminate\Cookie\Middleware\EncryptCookies->handle(Object(Illuminate\Http\Request), Object(Closure))
#30 C:\Users\Francis\Roaming\FinalCapstone\vendor\compiled.php(2478): Illuminate\Pipeline\Pipeline->Illuminate\Pipeline\{closure}(Object(Illuminate\Http\Request))
#31 C:\Users\Francis\Roaming\FinalCapstone\vendor\compiled.php(8944): Illuminate\Foundation\Http\Middleware\CheckForMaintenanceMode->handle(Object(Illuminate\Http\Request), Object(Closure))
#32 [internal function]: Illuminate\Pipeline\Pipeline->Illuminate\Pipeline\{closure}(Object(Illuminate\Http\Request))
#33 C:\Users\Francis\Roaming\FinalCapstone\vendor\compiled.php(8935): call_user_func(Object(Closure), Object(Illuminate\Http\Request))
#34 C:\Users\Francis\Roaming\FinalCapstone\vendor\compiled.php(1891): Illuminate\Pipeline\Pipeline->then(Object(Closure))
#35 C:\Users\Francis\Roaming\FinalCapstone\vendor\compiled.php(1880): Illuminate\Foundation\Http\Kernel->sendRequestThroughRouter(Object(Illuminate\Http\Request))
#36 C:\Users\Francis\Roaming\FinalCapstone\public\index.php(53): Illuminate\Foundation\Http\Kernel->handle(Object(Illuminate\Http\Request))
#37 {main}  
[2017-02-07 18:00:40] local.ERROR: exception 'ErrorException' with message 'Undefined variable: locations' in C:\Users\Francis\Roaming\FinalCapstone\storage\framework\views\7c48c0c3335ec7782ab3ebe305796673:8
Stack trace:
#0 C:\Users\Francis\Roaming\FinalCapstone\storage\framework\views\7c48c0c3335ec7782ab3ebe305796673(8): Illuminate\Foundation\Bootstrap\HandleExceptions->handleError(8, 'Undefined varia...', 'C:\\Users\\Franci...', 8, Array)
#1 C:\Users\Francis\Roaming\FinalCapstone\vendor\compiled.php(13650): include('C:\\Users\\Franci...')
#2 C:\Users\Francis\Roaming\FinalCapstone\vendor\compiled.php(13683): Illuminate\View\Engines\PhpEngine->evaluatePath('C:\\Users\\Franci...', Array)
#3 C:\Users\Francis\Roaming\FinalCapstone\vendor\compiled.php(13523): Illuminate\View\Engines\CompilerEngine->get('C:\\Users\\Franci...', Array)
#4 C:\Users\Francis\Roaming\FinalCapstone\vendor\compiled.php(13510): Illuminate\View\View->getContents()
#5 C:\Users\Francis\Roaming\FinalCapstone\vendor\compiled.php(13501): Illuminate\View\View->renderContents()
#6 C:\Users\Francis\Roaming\FinalCapstone\vendor\compiled.php(14597): Illuminate\View\View->render()
#7 C:\Users\Francis\Roaming\FinalCapstone\vendor\compiled.php(14126): Illuminate\Http\Response->setContent(Object(Illuminate\View\View))
#8 C:\Users\Francis\Roaming\FinalCapstone\vendor\compiled.php(7154): Symfony\Component\HttpFoundation\Response->__construct(Object(Illuminate\View\View))
#9 C:\Users\Francis\Roaming\FinalCapstone\vendor\compiled.php(6954): Illuminate\Routing\Router->prepareResponse(Object(Illuminate\Http\Request), Object(Illuminate\View\View))
#10 [internal function]: Illuminate\Routing\Router->Illuminate\Routing\{closure}(Object(Illuminate\Http\Request))
#11 C:\Users\Francis\Roaming\FinalCapstone\vendor\compiled.php(8952): call_user_func(Object(Closure), Object(Illuminate\Http\Request))
#12 [internal function]: Illuminate\Pipeline\Pipeline->Illuminate\Pipeline\{closure}(Object(Illuminate\Http\Request))
#13 C:\Users\Francis\Roaming\FinalCapstone\vendor\compiled.php(8935): call_user_func(Object(Closure), Object(Illuminate\Http\Request))
#14 C:\Users\Francis\Roaming\FinalCapstone\vendor\compiled.php(6955): Illuminate\Pipeline\Pipeline->then(Object(Closure))
#15 C:\Users\Francis\Roaming\FinalCapstone\vendor\compiled.php(6944): Illuminate\Routing\Router->runRouteWithinStack(Object(Illuminate\Routing\Route), Object(Illuminate\Http\Request))
#16 C:\Users\Francis\Roaming\FinalCapstone\vendor\compiled.php(6929): Illuminate\Routing\Router->dispatchToRoute(Object(Illuminate\Http\Request))
#17 C:\Users\Francis\Roaming\FinalCapstone\vendor\compiled.php(1935): Illuminate\Routing\Router->dispatch(Object(Illuminate\Http\Request))
#18 [internal function]: Illuminate\Foundation\Http\Kernel->Illuminate\Foundation\Http\{closure}(Object(Illuminate\Http\Request))
#19 C:\Users\Francis\Roaming\FinalCapstone\vendor\compiled.php(8952): call_user_func(Object(Closure), Object(Illuminate\Http\Request))
#20 C:\Users\Francis\Roaming\FinalCapstone\vendor\compiled.php(2438): Illuminate\Pipeline\Pipeline->Illuminate\Pipeline\{closure}(Object(Illuminate\Http\Request))
#21 C:\Users\Francis\Roaming\FinalCapstone\app\Http\Middleware\VerifyCsrfToken.php(17): Illuminate\Foundation\Http\Middleware\VerifyCsrfToken->handle(Object(Illuminate\Http\Request), Object(Closure))
#22 C:\Users\Francis\Roaming\FinalCapstone\vendor\compiled.php(8944): App\Http\Middleware\VerifyCsrfToken->handle(Object(Illuminate\Http\Request), Object(Closure))
#23 C:\Users\Francis\Roaming\FinalCapstone\vendor\compiled.php(12083): Illuminate\Pipeline\Pipeline->Illuminate\Pipeline\{closure}(Object(Illuminate\Http\Request))
#24 C:\Users\Francis\Roaming\FinalCapstone\vendor\compiled.php(8944): Illuminate\View\Middleware\ShareErrorsFromSession->handle(Object(Illuminate\Http\Request), Object(Closure))
#25 C:\Users\Francis\Roaming\FinalCapstone\vendor\compiled.php(10785): Illuminate\Pipeline\Pipeline->Illuminate\Pipeline\{closure}(Object(Illuminate\Http\Request))
#26 C:\Users\Francis\Roaming\FinalCapstone\vendor\compiled.php(8944): Illuminate\Session\Middleware\StartSession->handle(Object(Illuminate\Http\Request), Object(Closure))
#27 C:\Users\Francis\Roaming\FinalCapstone\vendor\compiled.php(11789): Illuminate\Pipeline\Pipeline->Illuminate\Pipeline\{closure}(Object(Illuminate\Http\Request))
#28 C:\Users\Francis\Roaming\FinalCapstone\vendor\compiled.php(8944): Illuminate\Cookie\Middleware\AddQueuedCookiesToResponse->handle(Object(Illuminate\Http\Request), Object(Closure))
#29 C:\Users\Francis\Roaming\FinalCapstone\vendor\compiled.php(11738): Illuminate\Pipeline\Pipeline->Illuminate\Pipeline\{closure}(Object(Illuminate\Http\Request))
#30 C:\Users\Francis\Roaming\FinalCapstone\vendor\compiled.php(8944): Illuminate\Cookie\Middleware\EncryptCookies->handle(Object(Illuminate\Http\Request), Object(Closure))
#31 C:\Users\Francis\Roaming\FinalCapstone\vendor\compiled.php(2478): Illuminate\Pipeline\Pipeline->Illuminate\Pipeline\{closure}(Object(Illuminate\Http\Request))
#32 C:\Users\Francis\Roaming\FinalCapstone\vendor\compiled.php(8944): Illuminate\Foundation\Http\Middleware\CheckForMaintenanceMode->handle(Object(Illuminate\Http\Request), Object(Closure))
#33 [internal function]: Illuminate\Pipeline\Pipeline->Illuminate\Pipeline\{closure}(Object(Illuminate\Http\Request))
#34 C:\Users\Francis\Roaming\FinalCapstone\vendor\compiled.php(8935): call_user_func(Object(Closure), Object(Illuminate\Http\Request))
#35 C:\Users\Francis\Roaming\FinalCapstone\vendor\compiled.php(1891): Illuminate\Pipeline\Pipeline->then(Object(Closure))
#36 C:\Users\Francis\Roaming\FinalCapstone\vendor\compiled.php(1880): Illuminate\Foundation\Http\Kernel->sendRequestThroughRouter(Object(Illuminate\Http\Request))
#37 C:\Users\Francis\Roaming\FinalCapstone\public\index.php(53): Illuminate\Foundation\Http\Kernel->handle(Object(Illuminate\Http\Request))
#38 {main}

Next exception 'ErrorException' with message 'Undefined variable: locations (View: C:\Users\Francis\Roaming\FinalCapstone\resources\views\map.blade.php)' in C:\Users\Francis\Roaming\FinalCapstone\storage\framework\views\7c48c0c3335ec7782ab3ebe305796673:8
Stack trace:
#0 C:\Users\Francis\Roaming\FinalCapstone\vendor\compiled.php(13652): Illuminate\View\Engines\CompilerEngine->handleViewException(Object(ErrorException), 1)
#1 C:\Users\Francis\Roaming\FinalCapstone\vendor\compiled.php(13683): Illuminate\View\Engines\PhpEngine->evaluatePath('C:\\Users\\Franci...', Array)
#2 C:\Users\Francis\Roaming\FinalCapstone\vendor\compiled.php(13523): Illuminate\View\Engines\CompilerEngine->get('C:\\Users\\Franci...', Array)
#3 C:\Users\Francis\Roaming\FinalCapstone\vendor\compiled.php(13510): Illuminate\View\View->getContents()
#4 C:\Users\Francis\Roaming\FinalCapstone\vendor\compiled.php(13501): Illuminate\View\View->renderContents()
#5 C:\Users\Francis\Roaming\FinalCapstone\vendor\compiled.php(14597): Illuminate\View\View->render()
#6 C:\Users\Francis\Roaming\FinalCapstone\vendor\compiled.php(14126): Illuminate\Http\Response->setContent(Object(Illuminate\View\View))
#7 C:\Users\Francis\Roaming\FinalCapstone\vendor\compiled.php(7154): Symfony\Component\HttpFoundation\Response->__construct(Object(Illuminate\View\View))
#8 C:\Users\Francis\Roaming\FinalCapstone\vendor\compiled.php(6954): Illuminate\Routing\Router->prepareResponse(Object(Illuminate\Http\Request), Object(Illuminate\View\View))
#9 [internal function]: Illuminate\Routing\Router->Illuminate\Routing\{closure}(Object(Illuminate\Http\Request))
#10 C:\Users\Francis\Roaming\FinalCapstone\vendor\compiled.php(8952): call_user_func(Object(Closure), Object(Illuminate\Http\Request))
#11 [internal function]: Illuminate\Pipeline\Pipeline->Illuminate\Pipeline\{closure}(Object(Illuminate\Http\Request))
#12 C:\Users\Francis\Roaming\FinalCapstone\vendor\compiled.php(8935): call_user_func(Object(Closure), Object(Illuminate\Http\Request))
#13 C:\Users\Francis\Roaming\FinalCapstone\vendor\compiled.php(6955): Illuminate\Pipeline\Pipeline->then(Object(Closure))
#14 C:\Users\Francis\Roaming\FinalCapstone\vendor\compiled.php(6944): Illuminate\Routing\Router->runRouteWithinStack(Object(Illuminate\Routing\Route), Object(Illuminate\Http\Request))
#15 C:\Users\Francis\Roaming\FinalCapstone\vendor\compiled.php(6929): Illuminate\Routing\Router->dispatchToRoute(Object(Illuminate\Http\Request))
#16 C:\Users\Francis\Roaming\FinalCapstone\vendor\compiled.php(1935): Illuminate\Routing\Router->dispatch(Object(Illuminate\Http\Request))
#17 [internal function]: Illuminate\Foundation\Http\Kernel->Illuminate\Foundation\Http\{closure}(Object(Illuminate\Http\Request))
#18 C:\Users\Francis\Roaming\FinalCapstone\vendor\compiled.php(8952): call_user_func(Object(Closure), Object(Illuminate\Http\Request))
#19 C:\Users\Francis\Roaming\FinalCapstone\vendor\compiled.php(2438): Illuminate\Pipeline\Pipeline->Illuminate\Pipeline\{closure}(Object(Illuminate\Http\Request))
#20 C:\Users\Francis\Roaming\FinalCapstone\app\Http\Middleware\VerifyCsrfToken.php(17): Illuminate\Foundation\Http\Middleware\VerifyCsrfToken->handle(Object(Illuminate\Http\Request), Object(Closure))
#21 C:\Users\Francis\Roaming\FinalCapstone\vendor\compiled.php(8944): App\Http\Middleware\VerifyCsrfToken->handle(Object(Illuminate\Http\Request), Object(Closure))
#22 C:\Users\Francis\Roaming\FinalCapstone\vendor\compiled.php(12083): Illuminate\Pipeline\Pipeline->Illuminate\Pipeline\{closure}(Object(Illuminate\Http\Request))
#23 C:\Users\Francis\Roaming\FinalCapstone\vendor\compiled.php(8944): Illuminate\View\Middleware\ShareErrorsFromSession->handle(Object(Illuminate\Http\Request), Object(Closure))
#24 C:\Users\Francis\Roaming\FinalCapstone\vendor\compiled.php(10785): Illuminate\Pipeline\Pipeline->Illuminate\Pipeline\{closure}(Object(Illuminate\Http\Request))
#25 C:\Users\Francis\Roaming\FinalCapstone\vendor\compiled.php(8944): Illuminate\Session\Middleware\StartSession->handle(Object(Illuminate\Http\Request), Object(Closure))
#26 C:\Users\Francis\Roaming\FinalCapstone\vendor\compiled.php(11789): Illuminate\Pipeline\Pipeline->Illuminate\Pipeline\{closure}(Object(Illuminate\Http\Request))
#27 C:\Users\Francis\Roaming\FinalCapstone\vendor\compiled.php(8944): Illuminate\Cookie\Middleware\AddQueuedCookiesToResponse->handle(Object(Illuminate\Http\Request), Object(Closure))
#28 C:\Users\Francis\Roaming\FinalCapstone\vendor\compiled.php(11738): Illuminate\Pipeline\Pipeline->Illuminate\Pipeline\{closure}(Object(Illuminate\Http\Request))
#29 C:\Users\Francis\Roaming\FinalCapstone\vendor\compiled.php(8944): Illuminate\Cookie\Middleware\EncryptCookies->handle(Object(Illuminate\Http\Request), Object(Closure))
#30 C:\Users\Francis\Roaming\FinalCapstone\vendor\compiled.php(2478): Illuminate\Pipeline\Pipeline->Illuminate\Pipeline\{closure}(Object(Illuminate\Http\Request))
#31 C:\Users\Francis\Roaming\FinalCapstone\vendor\compiled.php(8944): Illuminate\Foundation\Http\Middleware\CheckForMaintenanceMode->handle(Object(Illuminate\Http\Request), Object(Closure))
#32 [internal function]: Illuminate\Pipeline\Pipeline->Illuminate\Pipeline\{closure}(Object(Illuminate\Http\Request))
#33 C:\Users\Francis\Roaming\FinalCapstone\vendor\compiled.php(8935): call_user_func(Object(Closure), Object(Illuminate\Http\Request))
#34 C:\Users\Francis\Roaming\FinalCapstone\vendor\compiled.php(1891): Illuminate\Pipeline\Pipeline->then(Object(Closure))
#35 C:\Users\Francis\Roaming\FinalCapstone\vendor\compiled.php(1880): Illuminate\Foundation\Http\Kernel->sendRequestThroughRouter(Object(Illuminate\Http\Request))
#36 C:\Users\Francis\Roaming\FinalCapstone\public\index.php(53): Illuminate\Foundation\Http\Kernel->handle(Object(Illuminate\Http\Request))
#37 {main}  
